INFO - [1.436]: Ship 0 starts unloading.
INFO - [1.436]: Ship 0 with fuel 150000:108211 bunkering from barge 0 with level 100000.
INFO - [1.593]: Ship 1 starts unloading.
INFO - [1.593]: Ship 1 with fuel 100000:65929 bunkering from barge 1 with level 100000.
INFO - [1.681]: Ship 2 starts unloading.
INFO - [1.681]: Ship 2 with fuel 90000:40293 bunkering from barge 2 with level 100000.
INFO - [1.942]: Ship 3 starts unloading.
INFO - [1.942]: Ship 3 with fuel 100000:79661 bunkering from barge 3 with level 100000.
INFO - [2.323]: Ship 5 starts unloading.
INFO - [2.323]: Ship 5 with fuel 150000:99012 bunkering from barge 4 with level 100000.
INFO - [2.366]: Ship 4 starts unloading.
INFO - [2.366]: Ship 4 with fuel 80000:43440 bunkering from barge 5 with level 100000.
INFO - [3.046]: Ship 0 supplied.
INFO - [3.213]: Ship 6 starts unloading.
INFO - [3.213]: Ship 6 with fuel 130000:60563 bunkering from barge 6 with level 100000.
INFO - [3.506]: Ship 2 supplied.
INFO - [3.548]: Ship 1 supplied.
INFO - [3.827]: Ship 7 starts unloading.
INFO - [3.827]: Ship 7 with fuel 140000:73959 bunkering from barge 7 with level 100000.
INFO - [4.014]: Ship 5 supplied.
INFO - [4.041]: Ship 8 starts unloading.
INFO - [4.041]: Ship 8 with fuel 100000:76988 bunkering from barge 0 with level 58211.
INFO - [4.149]: Ship 10 starts unloading.
INFO - [4.149]: Ship 10 with fuel 100000:67370 bunkering from barge 2 with level 50293.
INFO - [4.152]: Ship 9 starts unloading.
INFO - [4.152]: Ship 9 with fuel 50000:39954 bunkering from barge 1 with level 65929.
INFO - [4.266]: Ship 3 supplied.
INFO - [4.529]: Ship 4 supplied.
INFO - [4.817]: Ship 11 starts unloading.
INFO - [4.817]: Ship 11 with fuel 110000:64018 bunkering from barge 4 with level 49012.
INFO - [4.934]: Ship 6 supplied.
INFO - [5.261]: Ship 1 completed unloading.
INFO - [5.295]: Ship 12 starts unloading.
INFO - [5.295]: Ship 12 with fuel 50000:21471 bunkering from barge 3 with level 79661.
INFO - [5.691]: Ship 2 completed unloading.
INFO - [5.691]: Ship 7 supplied.
INFO - [5.831]: Ship 13 starts unloading.
INFO - [5.831]: Ship 13 with fuel 120000:69998 bunkering from barge 5 with level 63440.
INFO - [5.834]: Ship 0 completed unloading.
INFO - [6.075]: Ship 9 supplied.
INFO - [6.119]: Ship 5 completed unloading.
INFO - [6.128]: Ship 14 starts unloading.
INFO - [6.128]: Ship 14 with fuel 50000:28369 bunkering from barge 6 with level 30563.
INFO - [6.136]: Ship 10 supplied.
INFO - [6.291]: Ship 15 starts unloading.
INFO - [6.291]: Ship 15 with fuel 130000:95161 bunkering from barge 7 with level 33959.
INFO - [6.336]: Ship 16 starts unloading.
INFO - [6.336]: Ship 16 with fuel 130000:75017 bunkering from barge 1 with level 55883.
INFO - [6.392]: Ship 8 supplied.
INFO - [6.573]: Ship 3 completed unloading.
INFO - [6.741]: Ship 4 completed unloading.
INFO - [6.837]: Ship 11 supplied.
INFO - [6.955]: Ship 12 supplied.
INFO - [7.229]: Ship 6 completed unloading.
INFO - [7.506]: FuelBarge 7 refueled!
INFO - [7.506]: Ship 15 with fuel 130000:129120 bunkering from barge 7 with level 100000.
INFO - [7.815]: Ship 9 completed unloading.
INFO - [7.848]: Ship 13 supplied.
INFO - [7.916]: Ship 18 starts unloading.
INFO - [7.916]: Ship 18 with fuel 130000:74236 bunkering from barge 2 with level 17663.
INFO - [7.939]: Ship 17 starts unloading.
INFO - [7.939]: Ship 17 with fuel 130000:85159 bunkering from barge 0 with level 35199.
INFO - [8.076]: Ship 14 supplied.
INFO - [8.258]: Ship 19 starts unloading.
INFO - [8.258]: Ship 19 with fuel 60000:34986 bunkering from barge 4 with level 3030.
INFO - [8.289]: Ship 7 completed unloading.
INFO - [8.289]: Ship 16 supplied.
INFO - [8.314]: Ship 10 completed unloading.
INFO - [8.390]: Ship 8 completed unloading.
INFO - [8.667]: Ship 20 starts unloading.
INFO - [8.667]: Ship 20 with fuel 60000:44032 bunkering from barge 3 with level 51132.
INFO - [8.840]: FuelBarge 0 refueled!
INFO - [8.840]: Ship 17 with fuel 130000:120358 bunkering from barge 0 with level 100000.
INFO - [8.937]: FuelBarge 2 refueled!
INFO - [8.937]: Ship 18 with fuel 130000:91899 bunkering from barge 2 with level 100000.
INFO - [8.987]: Ship 22 starts unloading.
INFO - [8.987]: Ship 22 with fuel 50000:33428 bunkering from barge 5 with level 13438.
INFO - [9.003]: Ship 21 starts unloading.
INFO - [9.003]: Ship 21 with fuel 70000:34675 bunkering from barge 6 with level 8932.
INFO - [9.081]: Ship 11 completed unloading.
INFO - [9.121]: FuelBarge 4 refueled!
INFO - [9.121]: Ship 19 with fuel 60000:38016 bunkering from barge 4 with level 100000.
INFO - [9.216]: Ship 23 starts unloading.
INFO - [9.216]: Ship 23 with fuel 150000:106288 bunkering from barge 1 with level 900.
INFO - [9.301]: Ship 15 supplied.
INFO - [9.307]: Ship 24 starts unloading.
INFO - [9.307]: Ship 24 with fuel 150000:72291 bunkering from barge 7 with level 99120.
INFO - [9.405]: Ship 15 completed unloading.
INFO - [9.728]: Ship 25 starts unloading.
INFO - [9.770]: FuelBarge 1 refueled!
INFO - [9.770]: Ship 23 with fuel 150000:107188 bunkering from barge 1 with level 100000.
INFO - [9.864]: FuelBarge 6 refueled!
INFO - [9.864]: Ship 21 with fuel 70000:43607 bunkering from barge 6 with level 100000.
INFO - [9.895]: Ship 14 completed unloading.
INFO - [10.026]: FuelBarge 5 refueled!
INFO - [10.026]: Ship 22 with fuel 50000:46866 bunkering from barge 5 with level 100000.
INFO - [10.173]: Ship 26 starts unloading.
INFO - [10.221]: Ship 27 starts unloading.
INFO - [10.265]: Ship 28 starts unloading.
INFO - [10.314]: Ship 16 completed unloading.
INFO - [10.317]: Ship 12 completed unloading.
INFO - [10.370]: Ship 13 completed unloading.
INFO - [10.492]: Ship 29 starts unloading.
INFO - [10.581]: Ship 20 supplied.
INFO - [10.581]: Ship 25 with fuel 120000:64019 bunkering from barge 3 with level 35164.
INFO - [10.664]: Ship 30 starts unloading.
INFO - [10.740]: Ship 18 supplied.
INFO - [10.740]: Ship 26 with fuel 80000:63267 bunkering from barge 2 with level 61899.
INFO - [10.812]: Ship 31 starts unloading.
INFO - [11.090]: Ship 17 supplied.
INFO - [11.090]: Ship 27 with fuel 140000:105137 bunkering from barge 0 with level 90358.
INFO - [11.168]: Ship 17 completed unloading.
INFO - [11.222]: Ship 24 supplied.
INFO - [11.222]: Ship 28 with fuel 100000:64156 bunkering from barge 7 with level 21411.
INFO - [11.254]: Ship 32 starts unloading.
INFO - [11.465]: Ship 21 supplied.
INFO - [11.465]: Ship 29 with fuel 90000:66288 bunkering from barge 6 with level 73607.
INFO - [11.480]: Ship 19 supplied.
INFO - [11.480]: Ship 30 with fuel 90000:53169 bunkering from barge 4 with level 78016.
INFO - [11.551]: FuelBarge 3 refueled!
INFO - [11.551]: Ship 25 with fuel 120000:99183 bunkering from barge 3 with level 100000.
INFO - [11.603]: Ship 18 completed unloading.
INFO - [11.835]: Ship 34 starts unloading.
INFO - [11.851]: Ship 33 starts unloading.
INFO - [11.864]: Ship 19 completed unloading.
INFO - [11.870]: Ship 23 supplied.
INFO - [11.870]: Ship 31 with fuel 130000:72882 bunkering from barge 1 with level 57188.
INFO - [11.887]: Ship 22 supplied.
INFO - [11.887]: Ship 32 with fuel 70000:51800 bunkering from barge 5 with level 96866.
INFO - [12.066]: Ship 35 starts unloading.
INFO - [12.397]: Ship 36 starts unloading.
INFO - [12.549]: FuelBarge 7 refueled!
INFO - [12.549]: Ship 28 with fuel 100000:85567 bunkering from barge 7 with level 100000.
INFO - [12.654]: Ship 37 starts unloading.
INFO - [12.727]: Ship 26 supplied.
INFO - [12.727]: Ship 34 with fuel 90000:66679 bunkering from barge 2 with level 45166.
INFO - [12.737]: Ship 22 completed unloading.
INFO - [12.810]: Ship 24 completed unloading.
INFO - [12.867]: Ship 38 starts unloading.
INFO - [12.887]: Ship 20 completed unloading.
INFO - [13.244]: Ship 29 supplied.
INFO - [13.244]: Ship 33 with fuel 100000:43770 bunkering from barge 6 with level 49895.
INFO - [13.349]: Ship 21 completed unloading.
INFO - [13.396]: Ship 27 supplied.
INFO - [13.396]: Ship 35 with fuel 120000:92343 bunkering from barge 0 with level 55495.
INFO - [13.501]: Ship 39 starts unloading.
INFO - [13.556]: Ship 30 supplied.
INFO - [13.556]: Ship 36 with fuel 60000:47973 bunkering from barge 4 with level 41185.
INFO - [13.578]: Ship 32 supplied.
INFO - [13.578]: Ship 37 with fuel 100000:40303 bunkering from barge 5 with level 78666.
INFO - [13.673]: Ship 25 completed unloading.
INFO - [13.674]: Ship 41 starts unloading.
INFO - [13.767]: Ship 28 completed unloading.
INFO - [13.867]: Ship 23 completed unloading.
INFO - [13.885]: Ship 42 starts unloading.
INFO - [13.980]: Ship 25 supplied.
INFO - [13.980]: Ship 38 with fuel 140000:105362 bunkering from barge 3 with level 79183.
INFO - [13.990]: Ship 40 starts unloading.
INFO - [14.063]: Ship 31 supplied.
INFO - [14.063]: Ship 39 with fuel 80000:33472 bunkering from barge 1 with level 70.
INFO - [14.222]: Ship 28 supplied.
INFO - [14.222]: Ship 41 with fuel 110000:55042 bunkering from barge 7 with level 85567.
INFO - [14.495]: FuelBarge 6 refueled!
INFO - [14.495]: Ship 33 with fuel 100000:93665 bunkering from barge 6 with level 100000.
INFO - [14.577]: Ship 43 starts unloading.
INFO - [14.594]: Ship 27 completed unloading.
INFO - [14.603]: Ship 34 supplied.
INFO - [14.603]: Ship 42 with fuel 100000:55949 bunkering from barge 2 with level 21845.
INFO - [14.643]: Ship 30 completed unloading.
INFO - [14.896]: FuelBarge 1 refueled!
INFO - [14.896]: Ship 39 with fuel 80000:33542 bunkering from barge 1 with level 100000.
INFO - [14.921]: Ship 26 completed unloading.
INFO - [15.040]: Ship 29 completed unloading.
INFO - [15.063]: Ship 45 starts unloading.
INFO - [15.107]: Ship 46 starts unloading.
INFO - [15.119]: Ship 44 starts unloading.
INFO - [15.142]: Ship 37 completed unloading.
INFO - [15.318]: Ship 31 completed unloading.
INFO - [15.521]: Ship 36 supplied.
INFO - [15.521]: Ship 40 with fuel 100000:61857 bunkering from barge 4 with level 29158.
INFO - [15.644]: Ship 35 supplied.
INFO - [15.644]: Ship 43 with fuel 60000:32283 bunkering from barge 0 with level 27838.
INFO - [15.666]: Ship 32 completed unloading.
INFO - [15.680]: Ship 51 starts unloading.
INFO - [15.726]: Ship 37 supplied.
INFO - [15.726]: Ship 45 with fuel 120000:48573 bunkering from barge 5 with level 18969.
INFO - [15.809]: Ship 35 completed unloading.
INFO - [15.933]: FuelBarge 2 refueled!
INFO - [15.933]: Ship 42 with fuel 100000:77794 bunkering from barge 2 with level 100000.
INFO - [16.028]: Ship 49 starts unloading.
INFO - [16.112]: Ship 47 starts unloading.
INFO - [16.139]: Ship 36 completed unloading.
INFO - [16.198]: Ship 38 supplied.
INFO - [16.198]: Ship 46 with fuel 70000:45148 bunkering from barge 3 with level 44545.
INFO - [16.255]: Ship 48 starts unloading.
INFO - [16.431]: Ship 41 supplied.
INFO - [16.431]: Ship 44 with fuel 100000:58365 bunkering from barge 7 with level 30609.
INFO - [16.603]: Ship 33 supplied.
INFO - [16.603]: Ship 51 with fuel 150000:69255 bunkering from barge 6 with level 93665.
INFO - [16.620]: FuelBarge 4 refueled!
INFO - [16.620]: Ship 40 with fuel 100000:91015 bunkering from barge 4 with level 100000.
INFO - [16.802]: Ship 34 completed unloading.
INFO - [16.855]: FuelBarge 5 refueled!
INFO - [16.855]: Ship 45 with fuel 120000:67542 bunkering from barge 5 with level 100000.
INFO - [16.859]: Ship 52 starts unloading.
INFO - [16.888]: Ship 53 starts unloading.
INFO - [16.912]: Ship 38 completed unloading.
INFO - [16.962]: Ship 33 completed unloading.
INFO - [17.001]: Ship 39 supplied.
INFO - [17.001]: Ship 49 with fuel 150000:112555 bunkering from barge 1 with level 53542.
INFO - [17.154]: Ship 40 completed unloading.
INFO - [17.162]: Ship 50 starts unloading.
INFO - [17.414]: Ship 41 completed unloading.
INFO - [17.461]: Ship 42 completed unloading.
INFO - [17.474]: FuelBarge 7 refueled!
INFO - [17.474]: Ship 44 with fuel 100000:88974 bunkering from barge 7 with level 100000.
INFO - [17.616]: Ship 54 starts unloading.
INFO - [17.667]: Ship 56 starts unloading.
INFO - [17.722]: Ship 43 supplied.
INFO - [17.722]: Ship 47 with fuel 130000:76902 bunkering from barge 0 with level 121.
INFO - [17.798]: Ship 55 starts unloading.
INFO - [18.030]: Ship 46 supplied.
INFO - [18.030]: Ship 48 with fuel 50000:34078 bunkering from barge 3 with level 19693.
INFO - [18.074]: Ship 57 starts unloading.
INFO - [18.124]: Ship 58 starts unloading.
INFO - [18.206]: Ship 39 completed unloading.
INFO - [18.259]: Ship 42 supplied.
INFO - [18.259]: Ship 52 with fuel 70000:40768 bunkering from barge 2 with level 77794.
INFO - [18.466]: Ship 40 supplied.
INFO - [18.466]: Ship 53 with fuel 60000:44193 bunkering from barge 4 with level 91015.
INFO - [18.481]: Ship 51 supplied.
INFO - [18.481]: Ship 50 with fuel 80000:52913 bunkering from barge 6 with level 12920.
INFO - [18.717]: Ship 45 completed unloading.
INFO - [18.728]: Ship 59 starts unloading.
INFO - [18.912]: Ship 49 supplied.
INFO - [18.912]: Ship 54 with fuel 140000:110213 bunkering from barge 1 with level 16097.
INFO - [18.934]: Ship 51 completed unloading.
INFO - [18.978]: Ship 45 supplied.
INFO - [18.978]: Ship 56 with fuel 120000:84730 bunkering from barge 5 with level 47542.
INFO - [19.108]: FuelBarge 0 refueled!
INFO - [19.108]: Ship 47 with fuel 130000:77023 bunkering from barge 0 with level 100000.
INFO - [19.281]: FuelBarge 6 refueled!
INFO - [19.281]: Ship 50 with fuel 80000:65833 bunkering from barge 6 with level 100000.
INFO - [19.355]: Ship 60 starts unloading.
INFO - [19.371]: Ship 43 completed unloading.
INFO - [19.395]: Ship 61 starts unloading.
INFO - [19.571]: Ship 44 completed unloading.
INFO - [19.604]: Ship 62 starts unloading.
INFO - [19.719]: Ship 48 completed unloading.
INFO - [19.793]: Ship 48 supplied.
INFO - [19.793]: Ship 55 with fuel 50000:33220 bunkering from barge 3 with level 3771.
INFO - [19.857]: Ship 44 supplied.
INFO - [19.857]: Ship 57 with fuel 130000:94252 bunkering from barge 7 with level 88974.
INFO - [19.917]: FuelBarge 1 refueled!
INFO - [19.917]: Ship 54 with fuel 140000:126310 bunkering from barge 1 with level 100000.
INFO - [19.998]: Ship 63 starts unloading.
INFO - [20.039]: Ship 53 supplied.
INFO - [20.039]: Ship 58 with fuel 90000:42395 bunkering from barge 4 with level 75208.
INFO - [20.095]: Ship 46 completed unloading.
INFO - [20.123]: Ship 52 completed unloading.
INFO - [20.213]: Ship 64 starts unloading.
INFO - [20.352]: Ship 65 starts unloading.
INFO - [20.388]: Ship 52 supplied.
INFO - [20.388]: Ship 59 with fuel 90000:64735 bunkering from barge 2 with level 48562.
INFO - [20.412]: Ship 49 completed unloading.
INFO - [20.475]: Ship 53 completed unloading.
INFO - [20.704]: Ship 56 supplied.
INFO - [20.704]: Ship 60 with fuel 150000:75130 bunkering from barge 5 with level 12272.
INFO - [20.823]: Ship 68 starts unloading.
INFO - [20.966]: Ship 66 starts unloading.
INFO - [21.102]: FuelBarge 3 refueled!
INFO - [21.102]: Ship 55 with fuel 50000:36991 bunkering from barge 3 with level 100000.
INFO - [21.107]: Ship 47 supplied.
INFO - [21.107]: Ship 61 with fuel 60000:42039 bunkering from barge 0 with level 47023.
INFO - [21.107]: Ship 69 starts unloading.
INFO - [21.224]: Ship 47 completed unloading.
INFO - [21.368]: Ship 50 completed unloading.
INFO - [21.389]: Ship 56 completed unloading.
INFO - [21.393]: Ship 67 starts unloading.
INFO - [21.470]: Ship 50 supplied.
INFO - [21.470]: Ship 62 with fuel 90000:37613 bunkering from barge 6 with level 85833.
INFO - [21.674]: Ship 54 completed unloading.
INFO - [21.802]: Ship 54 supplied.
INFO - [21.802]: Ship 63 with fuel 140000:63928 bunkering from barge 1 with level 86310.
INFO - [21.878]: Ship 57 supplied.
INFO - [21.878]: Ship 64 with fuel 50000:28087 bunkering from barge 7 with level 53226.
INFO - [21.879]: Ship 70 starts unloading.
INFO - [21.908]: Ship 58 supplied.
INFO - [21.908]: Ship 65 with fuel 130000:96494 bunkering from barge 4 with level 27603.
INFO - [22.022]: FuelBarge 5 refueled!
INFO - [22.022]: Ship 60 with fuel 150000:87402 bunkering from barge 5 with level 100000.
INFO - [22.169]: Ship 74 starts unloading.
INFO - [22.174]: Ship 55 completed unloading.
INFO - [22.312]: Ship 71 starts unloading.
INFO - [22.563]: Ship 72 starts unloading.
INFO - [22.566]: Ship 59 supplied.
INFO - [22.566]: Ship 68 with fuel 60000:34448 bunkering from barge 2 with level 23297.
INFO - [22.590]: Ship 59 completed unloading.
INFO - [22.618]: FuelBarge 4 refueled!
INFO - [22.618]: Ship 65 with fuel 130000:124097 bunkering from barge 4 with level 100000.
INFO - [22.767]: Ship 76 starts unloading.
INFO - [22.795]: Ship 57 completed unloading.
INFO - [22.828]: Ship 58 completed unloading.
INFO - [23.156]: Ship 61 supplied.
INFO - [23.156]: Ship 66 with fuel 110000:70155 bunkering from barge 0 with level 29062.
INFO - [23.177]: Ship 73 starts unloading.
INFO - [23.405]: Ship 55 supplied.
INFO - [23.405]: Ship 69 with fuel 50000:25414 bunkering from barge 3 with level 86991.
INFO - [23.431]: Ship 62 completed unloading.
INFO - [23.602]: Ship 60 completed unloading.
INFO - [23.695]: Ship 75 starts unloading.
INFO - [23.699]: Ship 62 supplied.
INFO - [23.699]: Ship 67 with fuel 100000:40739 bunkering from barge 6 with level 33446.
INFO - [23.705]: FuelBarge 2 refueled!
INFO - [23.705]: Ship 68 with fuel 60000:57745 bunkering from barge 2 with level 100000.
INFO - [23.765]: Ship 69 completed unloading.
INFO - [23.855]: Ship 80 starts unloading.
INFO - [23.873]: Ship 60 supplied.
INFO - [23.873]: Ship 70 with fuel 110000:46052 bunkering from barge 5 with level 37402.
INFO - [23.906]: Ship 61 completed unloading.
INFO - [24.014]: Ship 64 supplied.
INFO - [24.014]: Ship 74 with fuel 60000:40242 bunkering from barge 7 with level 31313.
INFO - [24.072]: Ship 63 supplied.
INFO - [24.072]: Ship 71 with fuel 70000:45694 bunkering from barge 1 with level 10238.
INFO - [24.184]: FuelBarge 6 refueled!
INFO - [24.184]: Ship 67 with fuel 100000:74185 bunkering from barge 6 with level 100000.
INFO - [24.193]: Ship 67 completed unloading.
INFO - [24.222]: Ship 77 starts unloading.
INFO - [24.239]: Ship 88 starts unloading.
INFO - [24.262]: FuelBarge 0 refueled!
INFO - [24.262]: Ship 66 with fuel 110000:99217 bunkering from barge 0 with level 100000.
INFO - [24.316]: Ship 68 completed unloading.
INFO - [24.581]: Ship 65 completed unloading.
INFO - [24.733]: Ship 65 supplied.
INFO - [24.733]: Ship 72 with fuel 80000:60822 bunkering from barge 4 with level 94097.
INFO - [24.755]: Ship 63 completed unloading.
INFO - [24.773]: Ship 89 starts unloading.
INFO - [24.882]: Ship 64 completed unloading.
INFO - [24.887]: FuelBarge 1 refueled!
INFO - [24.887]: Ship 71 with fuel 70000:55932 bunkering from barge 1 with level 100000.
INFO - [24.933]: Ship 70 completed unloading.
INFO - [25.099]: FuelBarge 5 refueled!
INFO - [25.099]: Ship 70 with fuel 110000:83454 bunkering from barge 5 with level 100000.
INFO - [25.224]: Ship 78 starts unloading.
INFO - [25.397]: Ship 68 supplied.
INFO - [25.397]: Ship 76 with fuel 60000:31109 bunkering from barge 2 with level 97745.
INFO - [25.399]: Ship 69 supplied.
INFO - [25.399]: Ship 73 with fuel 140000:63703 bunkering from barge 3 with level 62405.
INFO - [25.586]: Ship 66 completed unloading.
INFO - [25.616]: Ship 79 starts unloading.
INFO - [26.128]: Ship 73 completed unloading.
INFO - [26.140]: Ship 74 supplied.
INFO - [26.140]: Ship 75 with fuel 130000:56751 bunkering from barge 7 with level 11555.
INFO - [26.331]: FuelBarge 3 refueled!
INFO - [26.331]: Ship 73 with fuel 140000:126108 bunkering from barge 3 with level 100000.
INFO - [26.338]: Ship 66 supplied.
INFO - [26.338]: Ship 80 with fuel 100000:62651 bunkering from barge 0 with level 89217.
INFO - [26.368]: Ship 67 supplied.
INFO - [26.368]: Ship 77 with fuel 80000:40453 bunkering from barge 6 with level 74185.
INFO - [26.371]: Ship 76 completed unloading.
INFO - [26.371]: Ship 71 supplied.
INFO - [26.371]: Ship 88 with fuel 140000:87385 bunkering from barge 1 with level 85932.
INFO - [26.420]: Ship 81 starts unloading.
INFO - [26.481]: Ship 71 completed unloading.
INFO - [26.563]: Ship 72 completed unloading.
INFO - [26.649]: Ship 82 starts unloading.
INFO - [26.697]: Ship 74 completed unloading.
INFO - [26.833]: FuelBarge 7 refueled!
INFO - [26.833]: Ship 75 with fuel 130000:68306 bunkering from barge 7 with level 100000.
INFO - [26.842]: Ship 83 starts unloading.
INFO - [26.925]: Ship 72 supplied.
INFO - [26.925]: Ship 89 with fuel 50000:29699 bunkering from barge 4 with level 74919.
INFO - [27.093]: Ship 84 starts unloading.
INFO - [27.282]: Ship 75 completed unloading.
INFO - [27.293]: Ship 70 supplied.
INFO - [27.293]: Ship 78 with fuel 90000:60517 bunkering from barge 5 with level 73454.
INFO - [27.459]: Ship 88 completed unloading.
INFO - [27.671]: Ship 80 completed unloading.
INFO - [27.701]: Ship 85 starts unloading.
INFO - [27.819]: Ship 76 supplied.
INFO - [27.819]: Ship 79 with fuel 60000:33410 bunkering from barge 2 with level 68854.
INFO - [28.179]: Ship 80 supplied.
INFO - [28.179]: Ship 81 with fuel 130000:76203 bunkering from barge 0 with level 51868.
INFO - [28.216]: Ship 77 supplied.
INFO - [28.216]: Ship 82 with fuel 120000:55479 bunkering from barge 6 with level 34638.
INFO - [28.278]: Ship 77 completed unloading.
INFO - [28.304]: Ship 110 starts unloading.
INFO - [28.395]: Ship 73 supplied.
INFO - [28.395]: Ship 83 with fuel 100000:59216 bunkering from barge 3 with level 86108.
INFO - [28.427]: Ship 86 starts unloading.
INFO - [28.525]: Ship 88 supplied.
INFO - [28.525]: Ship 84 with fuel 80000:53692 bunkering from barge 1 with level 33317.
INFO - [28.535]: Ship 75 supplied.
INFO - [28.535]: Ship 85 with fuel 130000:65427 bunkering from barge 7 with level 38306.
INFO - [28.557]: Ship 111 starts unloading.
INFO - [28.566]: Ship 79 completed unloading.
INFO - [28.585]: Ship 78 supplied.
INFO - [28.585]: Ship 110 with fuel 80000:54227 bunkering from barge 5 with level 43971.
INFO - [28.658]: Ship 87 starts unloading.
INFO - [28.928]: Ship 89 completed unloading.
INFO - [28.976]: FuelBarge 6 refueled!
INFO - [28.976]: Ship 82 with fuel 120000:90117 bunkering from barge 6 with level 100000.
INFO - [29.128]: Ship 89 supplied.
INFO - [29.128]: Ship 86 with fuel 90000:66959 bunkering from barge 4 with level 54618.
INFO - [29.226]: FuelBarge 0 refueled!
INFO - [29.226]: Ship 81 with fuel 130000:128071 bunkering from barge 0 with level 100000.
INFO - [29.301]: FuelBarge 7 refueled!
INFO - [29.301]: Ship 85 with fuel 130000:103733 bunkering from barge 7 with level 100000.
INFO - [29.428]: Ship 78 completed unloading.
INFO - [29.812]: Ship 90 starts unloading.
INFO - [30.064]: Ship 79 supplied.
INFO - [30.064]: Ship 111 with fuel 110000:85145 bunkering from barge 2 with level 42264.
INFO - [30.139]: Ship 83 supplied.
INFO - [30.139]: Ship 87 with fuel 130000:73879 bunkering from barge 3 with level 45324.
INFO - [30.261]: Ship 81 completed unloading.
INFO - [30.364]: Ship 91 starts unloading.
INFO - [30.427]: Ship 82 completed unloading.
INFO - [30.509]: Ship 92 starts unloading.
INFO - [30.568]: Ship 84 supplied.
INFO - [30.568]: Ship 90 with fuel 140000:64307 bunkering from barge 1 with level 7009.
INFO - [30.731]: Ship 82 supplied.
INFO - [30.731]: Ship 91 with fuel 80000:35266 bunkering from barge 6 with level 70117.
INFO - [30.731]: Ship 110 supplied.
INFO - [30.731]: Ship 92 with fuel 130000:52194 bunkering from barge 5 with level 18198.
INFO - [30.854]: Ship 86 supplied.
INFO - [31.120]: Ship 84 completed unloading.
INFO - [31.124]: FuelBarge 3 refueled!
INFO - [31.124]: Ship 87 with fuel 130000:119203 bunkering from barge 3 with level 100000.
INFO - [31.329]: Ship 81 supplied.
INFO - [31.334]: Ship 93 starts unloading.
INFO - [31.334]: Ship 93 with fuel 50000:35099 bunkering from barge 4 with level 31577.
INFO - [31.378]: Ship 83 completed unloading.
INFO - [31.397]: Ship 85 supplied.
INFO - [31.526]: Ship 94 starts unloading.
INFO - [31.526]: Ship 94 with fuel 130000:71752 bunkering from barge 0 with level 98071.
INFO - [31.538]: Ship 95 starts unloading.
INFO - [31.538]: Ship 95 with fuel 100000:41986 bunkering from barge 7 with level 73733.
INFO - [31.592]: FuelBarge 1 refueled!
INFO - [31.592]: Ship 90 with fuel 140000:71316 bunkering from barge 1 with level 100000.
INFO - [31.658]: Ship 87 completed unloading.
INFO - [31.804]: Ship 85 completed unloading.
INFO - [32.001]: FuelBarge 5 refueled!
INFO - [32.001]: Ship 92 with fuel 130000:70392 bunkering from barge 5 with level 100000.
INFO - [32.242]: Ship 110 completed unloading.
INFO - [32.364]: Ship 111 supplied.
INFO - [32.402]: Ship 111 completed unloading.
INFO - [32.673]: Ship 86 completed unloading.
INFO - [33.038]: Ship 87 supplied.
INFO - [33.103]: Ship 91 supplied.
INFO - [33.231]: Ship 96 starts unloading.
INFO - [33.231]: Ship 96 with fuel 100000:76334 bunkering from barge 2 with level 17409.
INFO - [33.331]: Ship 94 supplied.
INFO - [33.526]: Ship 93 supplied.
INFO - [33.550]: Ship 95 supplied.
INFO - [33.630]: Ship 90 completed unloading.
INFO - [33.754]: Ship 92 supplied.
INFO - [34.013]: Ship 132 starts unloading.
INFO - [34.013]: Ship 132 with fuel 100000:64472 bunkering from barge 3 with level 89203.
INFO - [34.119]: Ship 90 supplied.
INFO - [34.326]: Ship 92 completed unloading.
INFO - [34.460]: Ship 91 completed unloading.
INFO - [34.602]: FuelBarge 2 refueled!
INFO - [34.602]: Ship 96 with fuel 100000:93743 bunkering from barge 2 with level 100000.
INFO - [34.847]: Ship 98 starts unloading.
INFO - [34.847]: Ship 98 with fuel 150000:96973 bunkering from barge 6 with level 25383.
INFO - [34.941]: Ship 97 starts unloading.
INFO - [34.941]: Ship 97 with fuel 100000:63565 bunkering from barge 0 with level 39823.
INFO - [34.945]: Ship 133 starts unloading.
INFO - [34.945]: Ship 133 with fuel 140000:87522 bunkering from barge 4 with level 16676.
INFO - [35.249]: Ship 94 completed unloading.
INFO - [35.732]: FuelBarge 6 refueled!
INFO - [35.732]: Ship 98 with fuel 150000:122356 bunkering from barge 6 with level 100000.
INFO - [35.857]: Ship 132 supplied.
INFO - [35.870]: FuelBarge 4 refueled!
INFO - [35.870]: Ship 133 with fuel 140000:104198 bunkering from barge 4 with level 100000.
INFO - [35.961]: Ship 95 completed unloading.
INFO - [35.973]: Ship 99 starts unloading.
INFO - [35.973]: Ship 99 with fuel 140000:110650 bunkering from barge 7 with level 15719.
INFO - [36.016]: Ship 93 completed unloading.
INFO - [36.492]: Ship 100 starts unloading.
INFO - [36.492]: Ship 100 with fuel 130000:97143 bunkering from barge 5 with level 40392.
INFO - [36.507]: Ship 96 supplied.
INFO - [36.918]: Ship 101 starts unloading.
INFO - [36.918]: Ship 101 with fuel 50000:24427 bunkering from barge 1 with level 31316.
INFO - [36.968]: FuelBarge 7 refueled!
INFO - [36.968]: Ship 99 with fuel 140000:126369 bunkering from barge 7 with level 100000.
INFO - [37.213]: Ship 97 supplied.
INFO - [37.333]: Ship 98 supplied.
INFO - [37.510]: Ship 102 starts unloading.
INFO - [37.510]: Ship 102 with fuel 130000:84682 bunkering from barge 3 with level 53675.
INFO - [37.621]: Ship 133 supplied.
INFO - [37.660]: Ship 144 starts unloading.
INFO - [37.660]: Ship 144 with fuel 70000:40810 bunkering from barge 2 with level 93743.
INFO - [38.004]: Ship 103 starts unloading.
INFO - [38.004]: Ship 103 with fuel 140000:70271 bunkering from barge 0 with level 3388.
INFO - [38.022]: Ship 132 completed unloading.
INFO - [38.085]: Ship 96 completed unloading.
INFO - [38.271]: Ship 104 starts unloading.
INFO - [38.271]: Ship 104 with fuel 130000:67010 bunkering from barge 6 with level 72356.
INFO - [38.453]: Ship 106 starts unloading.
INFO - [38.453]: Ship 106 with fuel 120000:50377 bunkering from barge 4 with level 64198.
INFO - [38.589]: Ship 98 completed unloading.
INFO - [38.609]: Ship 105 starts unloading.
INFO - [38.725]: Ship 107 starts unloading.
INFO - [38.746]: Ship 100 supplied.
INFO - [38.746]: Ship 105 with fuel 80000:32284 bunkering from barge 5 with level 7535.
INFO - [38.767]: FuelBarge 0 refueled!
INFO - [38.767]: Ship 103 with fuel 140000:73659 bunkering from barge 0 with level 100000.
INFO - [38.907]: Ship 99 supplied.
INFO - [38.907]: Ship 107 with fuel 130000:69465 bunkering from barge 7 with level 86369.
INFO - [38.947]: Ship 133 completed unloading.
INFO - [38.959]: Ship 101 supplied.
INFO - [38.994]: Ship 108 starts unloading.
INFO - [38.994]: Ship 108 with fuel 70000:36532 bunkering from barge 1 with level 5743.
INFO - [39.318]: Ship 151 starts unloading.
INFO - [39.353]: Ship 97 completed unloading.
INFO - [39.407]: Ship 102 supplied.
INFO - [39.407]: Ship 151 with fuel 90000:47807 bunkering from barge 3 with level 8357.
INFO - [39.517]: Ship 144 supplied.
INFO - [39.524]: FuelBarge 4 refueled!
INFO - [39.524]: Ship 106 with fuel 120000:114575 bunkering from barge 4 with level 100000.
INFO - [39.746]: FuelBarge 5 refueled!
INFO - [39.746]: Ship 105 with fuel 80000:39819 bunkering from barge 5 with level 100000.
INFO - [40.007]: FuelBarge 1 refueled!
INFO - [40.007]: Ship 108 with fuel 70000:42275 bunkering from barge 1 with level 100000.
INFO - [40.081]: Ship 100 completed unloading.
INFO - [40.348]: Ship 104 supplied.
INFO - [40.503]: Ship 112 starts unloading.
INFO - [40.503]: Ship 112 with fuel 70000:30125 bunkering from barge 2 with level 64553.
INFO - [40.582]: Ship 109 starts unloading.
INFO - [40.582]: Ship 109 with fuel 100000:54018 bunkering from barge 6 with level 9366.
INFO - [40.604]: Ship 103 supplied.
INFO - [40.610]: Ship 113 starts unloading.
INFO - [40.610]: Ship 113 with fuel 130000:75509 bunkering from barge 0 with level 33659.
INFO - [40.713]: FuelBarge 3 refueled!
INFO - [40.713]: Ship 151 with fuel 90000:56164 bunkering from barge 3 with level 100000.
INFO - [40.718]: Ship 101 completed unloading.
INFO - [40.859]: Ship 99 completed unloading.
INFO - [40.936]: Ship 107 supplied.
INFO - [40.968]: Ship 114 starts unloading.
INFO - [40.968]: Ship 114 with fuel 90000:66896 bunkering from barge 7 with level 25834.
INFO - [40.991]: Ship 144 completed unloading.
INFO - [41.034]: Ship 115 starts unloading.
INFO - [41.211]: Ship 102 completed unloading.
INFO - [41.338]: Ship 117 starts unloading.
INFO - [41.343]: FuelBarge 6 refueled!
INFO - [41.343]: Ship 109 with fuel 100000:63384 bunkering from barge 6 with level 100000.
INFO - [41.355]: FuelBarge 0 refueled!
INFO - [41.355]: Ship 113 with fuel 130000:109168 bunkering from barge 0 with level 100000.
INFO - [41.368]: Ship 116 starts unloading.
INFO - [41.450]: Ship 106 supplied.
INFO - [41.450]: Ship 115 with fuel 80000:47855 bunkering from barge 4 with level 94575.
INFO - [41.478]: Ship 104 completed unloading.
INFO - [41.594]: Ship 118 starts unloading.
INFO - [41.664]: Ship 103 completed unloading.
INFO - [41.793]: Ship 105 supplied.
INFO - [41.793]: Ship 117 with fuel 100000:43697 bunkering from barge 5 with level 59819.
INFO - [42.064]: Ship 105 completed unloading.
INFO - [42.467]: Ship 112 supplied.
INFO - [42.467]: Ship 116 with fuel 60000:41373 bunkering from barge 2 with level 24678.
INFO - [42.470]: Ship 119 starts unloading.
INFO - [42.544]: Ship 108 supplied.
INFO - [42.544]: Ship 118 with fuel 110000:58781 bunkering from barge 1 with level 72275.
INFO - [42.545]: Ship 106 completed unloading.
INFO - [42.579]: Ship 151 supplied.
INFO - [42.579]: Ship 119 with fuel 120000:89062 bunkering from barge 3 with level 66164.
INFO - [42.871]: Ship 114 supplied.
INFO - [43.117]: Ship 108 completed unloading.
INFO - [43.217]: Ship 113 supplied.
INFO - [43.269]: Ship 109 supplied.
INFO - [43.290]: Ship 121 starts unloading.
INFO - [43.290]: Ship 121 with fuel 60000:35908 bunkering from barge 7 with level 2730.
INFO - [43.365]: Ship 167 starts unloading.
INFO - [43.365]: Ship 167 with fuel 90000:41089 bunkering from barge 0 with level 79168.
INFO - [43.409]: Ship 151 completed unloading.
INFO - [43.548]: Ship 115 supplied.
INFO - [43.643]: Ship 107 completed unloading.
INFO - [43.670]: Ship 120 starts unloading.
INFO - [43.670]: Ship 120 with fuel 110000:72923 bunkering from barge 6 with level 63384.
INFO - [43.694]: Ship 117 supplied.
INFO - [43.810]: Ship 116 supplied.
INFO - [44.228]: Ship 168 starts unloading.
INFO - [44.228]: Ship 168 with fuel 60000:46122 bunkering from barge 4 with level 62430.
INFO - [44.262]: FuelBarge 7 refueled!
INFO - [44.262]: Ship 121 with fuel 60000:38638 bunkering from barge 7 with level 100000.
INFO - [44.323]: Ship 122 starts unloading.
INFO - [44.323]: Ship 122 with fuel 110000:47359 bunkering from barge 5 with level 3516.
INFO - [44.617]: Ship 114 completed unloading.
INFO - [44.626]: Ship 118 completed unloading.
INFO - [44.637]: Ship 119 supplied.
INFO - [44.643]: Ship 109 completed unloading.
INFO - [44.706]: Ship 117 completed unloading.
INFO - [44.906]: Ship 113 completed unloading.
INFO - [44.920]: Ship 112 completed unloading.
INFO - [45.110]: Ship 116 completed unloading.
INFO - [45.145]: Ship 123 starts unloading.
INFO - [45.145]: Ship 123 with fuel 110000:75016 bunkering from barge 2 with level 6051.
INFO - [45.203]: Ship 124 starts unloading.
INFO - [45.203]: Ship 124 with fuel 90000:60604 bunkering from barge 3 with level 35226.
INFO - [45.331]: Ship 126 starts unloading.
INFO - [45.351]: Ship 118 supplied.
INFO - [45.351]: Ship 126 with fuel 100000:52007 bunkering from barge 1 with level 21056.
INFO - [45.481]: Ship 167 supplied.
INFO - [45.508]: Ship 125 starts unloading.
INFO - [45.508]: Ship 125 with fuel 120000:68165 bunkering from barge 0 with level 30257.
INFO - [45.590]: FuelBarge 5 refueled!
INFO - [45.590]: Ship 122 with fuel 110000:50875 bunkering from barge 5 with level 100000.
INFO - [46.001]: FuelBarge 0 refueled!
INFO - [46.001]: Ship 125 with fuel 120000:98422 bunkering from barge 0 with level 100000.
INFO - [46.151]: FuelBarge 2 refueled!
INFO - [46.151]: Ship 123 with fuel 110000:81067 bunkering from barge 2 with level 100000.
INFO - [46.154]: Ship 120 supplied.
INFO - [46.282]: Ship 121 supplied.
INFO - [46.455]: Ship 168 supplied.
INFO - [46.524]: Ship 115 completed unloading.
INFO - [46.557]: Ship 119 completed unloading.
INFO - [46.649]: FuelBarge 1 refueled!
INFO - [46.649]: Ship 126 with fuel 100000:73063 bunkering from barge 1 with level 100000.
INFO - [46.692]: Ship 127 starts unloading.
INFO - [46.692]: Ship 127 with fuel 120000:58466 bunkering from barge 6 with level 26307.
INFO - [46.717]: Ship 180 starts unloading.
INFO - [46.717]: Ship 180 with fuel 70000:51951 bunkering from barge 7 with level 78638.
INFO - [46.758]: Ship 167 completed unloading.
INFO - [47.052]: Ship 121 completed unloading.
INFO - [47.074]: Ship 181 starts unloading.
INFO - [47.074]: Ship 181 with fuel 90000:49501 bunkering from barge 4 with level 48552.
INFO - [47.120]: Ship 120 completed unloading.
INFO - [47.215]: Ship 122 supplied.
INFO - [47.448]: Ship 128 starts unloading.
INFO - [47.448]: Ship 128 with fuel 100000:51036 bunkering from barge 5 with level 40875.
INFO - [47.472]: Ship 129 starts unloading.
INFO - [47.715]: Ship 124 supplied.
INFO - [47.715]: Ship 129 with fuel 150000:112513 bunkering from barge 3 with level 5830.
INFO - [47.716]: Ship 188 starts unloading.
INFO - [47.773]: FuelBarge 6 refueled!
INFO - [47.773]: Ship 127 with fuel 120000:84773 bunkering from barge 6 with level 100000.
INFO - [47.784]: Ship 122 completed unloading.
INFO - [47.800]: Ship 125 supplied.
INFO - [47.800]: Ship 188 with fuel 110000:47665 bunkering from barge 0 with level 78422.
INFO - [48.198]: Ship 123 supplied.
INFO - [48.203]: Ship 168 completed unloading.
INFO - [48.401]: Ship 190 starts unloading.
INFO - [48.401]: Ship 190 with fuel 50000:36212 bunkering from barge 2 with level 71067.
INFO - [48.425]: FuelBarge 5 refueled!
INFO - [48.425]: Ship 128 with fuel 100000:91911 bunkering from barge 5 with level 100000.
INFO - [48.497]: Ship 124 completed unloading.
INFO - [48.527]: Ship 130 starts unloading.
INFO - [48.646]: FuelBarge 3 refueled!
INFO - [48.646]: Ship 129 with fuel 150000:118343 bunkering from barge 3 with level 100000.
INFO - [48.746]: Ship 126 supplied.
INFO - [48.746]: Ship 130 with fuel 130000:83842 bunkering from barge 1 with level 73063.
INFO - [48.758]: Ship 131 starts unloading.
INFO - [48.882]: Ship 123 completed unloading.
INFO - [48.888]: Ship 180 supplied.
INFO - [48.888]: Ship 131 with fuel 140000:104587 bunkering from barge 7 with level 60589.
INFO - [48.923]: Ship 134 starts unloading.
INFO - [48.980]: Ship 181 supplied.
INFO - [48.980]: Ship 134 with fuel 140000:107122 bunkering from barge 4 with level 8053.
INFO - [49.290]: Ship 136 starts unloading.
INFO - [49.405]: Ship 135 starts unloading.
INFO - [49.516]: Ship 126 completed unloading.
INFO - [49.698]: Ship 127 supplied.
INFO - [49.698]: Ship 136 with fuel 120000:53984 bunkering from barge 6 with level 64773.
INFO - [49.720]: Ship 188 supplied.
INFO - [49.720]: Ship 135 with fuel 120000:65485 bunkering from barge 0 with level 16087.
INFO - [49.904]: Ship 138 starts unloading.
INFO - [49.922]: Ship 137 starts unloading.
INFO - [49.957]: FuelBarge 4 refueled!
INFO - [49.957]: Ship 134 with fuel 140000:115175 bunkering from barge 4 with level 100000.
INFO - [49.968]: Ship 125 completed unloading.
INFO - [50.196]: FuelBarge 6 refueled!
INFO - [50.196]: Ship 136 with fuel 120000:118757 bunkering from barge 6 with level 100000.
INFO - [50.212]: Ship 139 starts unloading.
INFO - [50.226]: Ship 127 completed unloading.
INFO - [50.234]: Ship 181 completed unloading.
INFO - [50.328]: Ship 128 supplied.
INFO - [50.328]: Ship 138 with fuel 130000:76807 bunkering from barge 5 with level 91911.
INFO - [50.394]: Ship 190 supplied.
INFO - [50.394]: Ship 137 with fuel 140000:99473 bunkering from barge 2 with level 57279.
INFO - [50.397]: Ship 140 starts unloading.
INFO - [50.533]: Ship 130 supplied.
INFO - [50.533]: Ship 139 with fuel 140000:56714 bunkering from barge 1 with level 26905.
INFO - [50.739]: Ship 131 supplied.
INFO - [50.739]: Ship 140 with fuel 60000:35613 bunkering from barge 7 with level 25176.
INFO - [50.751]: Ship 180 completed unloading.
INFO - [50.768]: FuelBarge 0 refueled!
INFO - [50.768]: Ship 135 with fuel 120000:81572 bunkering from barge 0 with level 100000.
INFO - [50.817]: Ship 142 starts unloading.
INFO - [50.853]: Ship 199 starts unloading.
INFO - [50.918]: Ship 129 supplied.
INFO - [50.918]: Ship 142 with fuel 80000:36032 bunkering from barge 3 with level 68343.
INFO - [51.035]: Ship 141 starts unloading.
INFO - [51.552]: Ship 128 completed unloading.
INFO - [51.623]: Ship 201 starts unloading.
INFO - [51.673]: Ship 134 supplied.
INFO - [51.673]: Ship 199 with fuel 50000:23459 bunkering from barge 4 with level 75175.
INFO - [51.792]: FuelBarge 1 refueled!
INFO - [51.792]: Ship 139 with fuel 140000:83619 bunkering from barge 1 with level 100000.
INFO - [51.899]: Ship 188 completed unloading.
INFO - [51.916]: Ship 143 starts unloading.
INFO - [51.951]: Ship 203 starts unloading.
INFO - [52.028]: Ship 136 supplied.
INFO - [52.028]: Ship 141 with fuel 120000:84901 bunkering from barge 6 with level 98757.
INFO - [52.032]: Ship 130 completed unloading.
INFO - [52.067]: Ship 190 completed unloading.
INFO - [52.131]: Ship 209 starts unloading.
INFO - [52.131]: Ship 137 supplied.
INFO - [52.131]: Ship 201 with fuel 60000:27475 bunkering from barge 2 with level 16752.
INFO - [52.173]: Ship 138 supplied.
INFO - [52.173]: Ship 143 with fuel 60000:40318 bunkering from barge 5 with level 38718.
INFO - [52.538]: Ship 129 completed unloading.
INFO - [52.562]: Ship 145 starts unloading.
INFO - [52.808]: Ship 140 supplied.
INFO - [52.808]: Ship 203 with fuel 100000:47647 bunkering from barge 7 with level 789.
INFO - [52.898]: Ship 134 completed unloading.
INFO - [52.914]: Ship 142 supplied.
INFO - [52.914]: Ship 209 with fuel 80000:51303 bunkering from barge 3 with level 24375.
INFO - [53.014]: Ship 215 starts unloading.
INFO - [53.088]: Ship 146 starts unloading.
INFO - [53.106]: Ship 131 completed unloading.
INFO - [53.116]: Ship 135 supplied.
INFO - [53.116]: Ship 145 with fuel 70000:34370 bunkering from barge 0 with level 61572.
INFO - [53.133]: Ship 138 completed unloading.
INFO - [53.246]: FuelBarge 2 refueled!
INFO - [53.246]: Ship 201 with fuel 60000:44227 bunkering from barge 2 with level 100000.
INFO - [53.299]: Ship 136 completed unloading.
INFO - [53.648]: FuelBarge 3 refueled!
INFO - [53.648]: Ship 209 with fuel 80000:75678 bunkering from barge 3 with level 100000.
INFO - [53.666]: Ship 143 supplied.
INFO - [53.666]: Ship 215 with fuel 120000:48590 bunkering from barge 5 with level 19036.
INFO - [53.697]: Ship 135 completed unloading.
INFO - [53.721]: Ship 199 supplied.
INFO - [53.721]: Ship 146 with fuel 60000:24187 bunkering from barge 4 with level 48634.
INFO - [53.734]: Ship 139 supplied.
INFO - [53.782]: Ship 147 starts unloading.
INFO - [53.782]: Ship 147 with fuel 130000:58598 bunkering from barge 1 with level 43619.
INFO - [53.986]: Ship 140 completed unloading.
INFO - [54.149]: FuelBarge 7 refueled!
INFO - [54.149]: Ship 203 with fuel 100000:48436 bunkering from barge 7 with level 100000.
INFO - [54.173]: Ship 221 starts unloading.
INFO - [54.215]: Ship 139 completed unloading.
INFO - [54.366]: Ship 141 supplied.
INFO - [54.366]: Ship 221 with fuel 90000:37038 bunkering from barge 6 with level 63658.
INFO - [54.409]: Ship 199 completed unloading.
INFO - [54.441]: Ship 137 completed unloading.
INFO - [54.462]: FuelBarge 5 refueled!
INFO - [54.462]: Ship 215 with fuel 120000:67626 bunkering from barge 5 with level 100000.
INFO - [54.599]: FuelBarge 1 refueled!
INFO - [54.599]: Ship 147 with fuel 130000:102217 bunkering from barge 1 with level 100000.
INFO - [54.997]: Ship 226 starts unloading.
INFO - [55.073]: Ship 148 starts unloading.
INFO - [55.304]: Ship 201 completed unloading.
INFO - [55.373]: Ship 145 supplied.
INFO - [55.373]: Ship 226 with fuel 130000:81160 bunkering from barge 0 with level 25942.
INFO - [55.456]: Ship 201 supplied.
INFO - [55.456]: Ship 148 with fuel 150000:70041 bunkering from barge 2 with level 84227.
INFO - [55.467]: Ship 141 completed unloading.
INFO - [55.475]: Ship 203 completed unloading.
INFO - [55.643]: Ship 146 supplied.
INFO - [55.677]: Ship 203 supplied.
INFO - [55.886]: Ship 209 supplied.
INFO - [55.911]: Ship 150 starts unloading.
INFO - [55.911]: Ship 150 with fuel 60000:40653 bunkering from barge 4 with level 12821.
INFO - [55.989]: Ship 149 starts unloading.
INFO - [55.989]: Ship 149 with fuel 70000:54697 bunkering from barge 7 with level 48436.
INFO - [56.106]: Ship 143 completed unloading.
INFO - [56.131]: Ship 142 completed unloading.
INFO - [56.211]: Ship 209 completed unloading.
INFO - [56.231]: Ship 215 supplied.
INFO - [56.327]: FuelBarge 0 refueled!
INFO - [56.327]: Ship 226 with fuel 130000:107102 bunkering from barge 0 with level 100000.
INFO - [56.335]: Ship 221 supplied.
INFO - [56.339]: FuelBarge 4 refueled!
INFO - [56.339]: Ship 150 with fuel 60000:53474 bunkering from barge 4 with level 100000.
INFO - [56.387]: Ship 152 starts unloading.
INFO - [56.387]: Ship 152 with fuel 110000:68620 bunkering from barge 3 with level 95678.
INFO - [56.621]: Ship 215 completed unloading.
INFO - [56.875]: Ship 147 supplied.
INFO - [56.967]: Ship 153 starts unloading.
INFO - [56.967]: Ship 153 with fuel 70000:53989 bunkering from barge 5 with level 47626.
INFO - [57.079]: Ship 154 starts unloading.
INFO - [57.079]: Ship 154 with fuel 150000:110101 bunkering from barge 6 with level 10696.
INFO - [57.369]: Ship 145 completed unloading.
INFO - [57.539]: Ship 148 supplied.
INFO - [57.559]: Ship 146 completed unloading.
INFO - [57.819]: Ship 155 starts unloading.
INFO - [57.819]: Ship 155 with fuel 50000:23899 bunkering from barge 1 with level 72217.
INFO - [57.933]: Ship 149 supplied.
INFO - [57.976]: Ship 147 completed unloading.
INFO - [57.992]: Ship 156 starts unloading.
INFO - [57.992]: Ship 156 with fuel 50000:30507 bunkering from barge 2 with level 4268.
INFO - [58.042]: Ship 157 starts unloading.
INFO - [58.042]: Ship 157 with fuel 80000:37551 bunkering from barge 7 with level 33133.
INFO - [58.197]: Ship 150 supplied.
INFO - [58.204]: FuelBarge 6 refueled!
INFO - [58.204]: Ship 154 with fuel 150000:120797 bunkering from barge 6 with level 100000.
INFO - [58.596]: Ship 226 supplied.
INFO - [58.626]: Ship 158 starts unloading.
INFO - [58.626]: Ship 158 with fuel 100000:76338 bunkering from barge 4 with level 93474.
INFO - [58.663]: Ship 152 supplied.
INFO - [58.814]: Ship 221 completed unloading.
INFO - [58.817]: FuelBarge 2 refueled!
INFO - [58.817]: Ship 156 with fuel 50000:34775 bunkering from barge 2 with level 100000.
INFO - [58.834]: Ship 159 starts unloading.
INFO - [58.834]: Ship 159 with fuel 140000:79105 bunkering from barge 0 with level 77102.
INFO - [58.949]: FuelBarge 7 refueled!
INFO - [58.949]: Ship 157 with fuel 80000:70684 bunkering from barge 7 with level 100000.
INFO - [58.977]: Ship 160 starts unloading.
INFO - [58.977]: Ship 160 with fuel 110000:46411 bunkering from barge 3 with level 54298.
INFO - [59.006]: Ship 153 supplied.
INFO - [59.036]: Ship 161 starts unloading.
INFO - [59.036]: Ship 161 with fuel 130000:52260 bunkering from barge 5 with level 31615.
INFO - [59.132]: Ship 148 completed unloading.
INFO - [59.336]: Ship 226 completed unloading.
INFO - [59.497]: FuelBarge 5 refueled!
INFO - [59.497]: Ship 161 with fuel 130000:83875 bunkering from barge 5 with level 100000.
INFO - [59.631]: Ship 162 starts unloading.
INFO - [59.641]: Ship 163 starts unloading.
INFO - [59.786]: Ship 155 supplied.
INFO - [59.786]: Ship 162 with fuel 110000:73162 bunkering from barge 1 with level 46116.
INFO - [59.928]: Ship 165 starts unloading.
INFO - [59.978]: Ship 149 completed unloading.
INFO - [60.031]: Ship 166 starts unloading.
INFO - [60.048]: Ship 164 starts unloading.
INFO - [60.064]: FuelBarge 3 refueled!
INFO - [60.064]: Ship 160 with fuel 110000:100709 bunkering from barge 3 with level 100000.
INFO - [60.244]: Ship 154 supplied.
INFO - [60.244]: Ship 163 with fuel 120000:55278 bunkering from barge 6 with level 70797.
INFO - [60.272]: Ship 150 completed unloading.
INFO - [60.544]: Ship 153 completed unloading.
INFO - [60.630]: Ship 158 supplied.
INFO - [60.630]: Ship 165 with fuel 70000:46498 bunkering from barge 4 with level 69812.
INFO - [60.708]: Ship 154 completed unloading.
INFO - [60.714]: Ship 243 starts unloading.
INFO - [60.725]: Ship 170 starts unloading.
INFO - [60.757]: Ship 169 starts unloading.
INFO - [60.810]: Ship 159 supplied.
INFO - [60.810]: Ship 166 with fuel 100000:59740 bunkering from barge 0 with level 16207.
INFO - [60.884]: Ship 152 completed unloading.
INFO - [61.024]: Ship 156 supplied.
INFO - [61.024]: Ship 164 with fuel 60000:43663 bunkering from barge 2 with level 84775.
INFO - [61.117]: Ship 246 starts unloading.
INFO - [61.171]: Ship 155 completed unloading.
INFO - [61.309]: Ship 157 supplied.
INFO - [61.309]: Ship 243 with fuel 60000:38721 bunkering from barge 7 with level 90684.
INFO - [61.432]: Ship 161 supplied.
INFO - [61.432]: Ship 170 with fuel 50000:25388 bunkering from barge 5 with level 53875.
INFO - [61.621]: Ship 157 completed unloading.
INFO - [61.878]: Ship 248 starts unloading.
INFO - [61.923]: Ship 171 starts unloading.
INFO - [61.938]: Ship 162 supplied.
INFO - [61.938]: Ship 169 with fuel 90000:70162 bunkering from barge 1 with level 9278.
INFO - [61.942]: FuelBarge 0 refueled!
INFO - [61.942]: Ship 166 with fuel 100000:75947 bunkering from barge 0 with level 100000.
INFO - [62.044]: Ship 172 starts unloading.
INFO - [62.077]: Ship 160 supplied.
INFO - [62.077]: Ship 246 with fuel 120000:94798 bunkering from barge 3 with level 90709.
INFO - [62.106]: Ship 156 completed unloading.
INFO - [62.320]: Ship 163 supplied.
INFO - [62.320]: Ship 248 with fuel 80000:54179 bunkering from barge 6 with level 6075.
INFO - [62.512]: Ship 165 supplied.
INFO - [62.512]: Ship 171 with fuel 110000:76523 bunkering from barge 4 with level 46310.
INFO - [62.685]: Ship 173 starts unloading.
INFO - [62.745]: Ship 174 starts unloading.
INFO - [62.786]: Ship 161 completed unloading.
INFO - [62.881]: Ship 159 completed unloading.
INFO - [62.890]: Ship 175 starts unloading.
INFO - [62.921]: FuelBarge 6 refueled!
INFO - [62.921]: Ship 248 with fuel 80000:60254 bunkering from barge 6 with level 100000.
INFO - [62.940]: FuelBarge 1 refueled!
INFO - [62.940]: Ship 169 with fuel 90000:79440 bunkering from barge 1 with level 100000.
INFO - [63.015]: Ship 158 completed unloading.
INFO - [63.016]: Ship 243 supplied.
INFO - [63.016]: Ship 172 with fuel 80000:47679 bunkering from barge 7 with level 69405.
INFO - [63.192]: Ship 162 completed unloading.
INFO - [63.287]: Ship 176 starts unloading.
INFO - [63.289]: Ship 160 completed unloading.
INFO - [63.318]: Ship 164 supplied.
INFO - [63.318]: Ship 173 with fuel 80000:36621 bunkering from barge 2 with level 68438.
INFO - [63.493]: Ship 170 supplied.
INFO - [63.493]: Ship 174 with fuel 120000:81379 bunkering from barge 5 with level 29263.
INFO - [63.681]: Ship 178 starts unloading.
INFO - [63.736]: Ship 163 completed unloading.
INFO - [63.767]: Ship 177 starts unloading.
INFO - [63.918]: Ship 166 completed unloading.
INFO - [63.919]: Ship 166 supplied.
INFO - [63.919]: Ship 175 with fuel 80000:53404 bunkering from barge 0 with level 75947.
INFO - [63.998]: Ship 179 starts unloading.
INFO - [64.086]: Ship 165 completed unloading.
INFO - [64.197]: Ship 246 supplied.
INFO - [64.197]: Ship 176 with fuel 50000:34335 bunkering from barge 3 with level 65507.
INFO - [64.240]: Ship 182 starts unloading.
INFO - [64.347]: FuelBarge 5 refueled!
INFO - [64.347]: Ship 174 with fuel 120000:110642 bunkering from barge 5 with level 100000.
INFO - [64.524]: Ship 164 completed unloading.
INFO - [64.587]: Ship 183 starts unloading.
INFO - [64.593]: Ship 169 supplied.
INFO - [64.593]: Ship 178 with fuel 110000:62599 bunkering from barge 1 with level 89440.
INFO - [64.647]: Ship 243 completed unloading.
INFO - [64.652]: Ship 246 completed unloading.
INFO - [64.827]: Ship 185 starts unloading.
INFO - [64.837]: Ship 170 completed unloading.
INFO - [64.879]: Ship 169 completed unloading.
INFO - [64.905]: Ship 184 starts unloading.
INFO - [64.940]: Ship 248 supplied.
INFO - [64.940]: Ship 177 with fuel 130000:71946 bunkering from barge 6 with level 80254.
INFO - [64.948]: Ship 171 supplied.
INFO - [64.948]: Ship 179 with fuel 140000:106671 bunkering from barge 4 with level 12833.
INFO - [65.109]: Ship 172 supplied.
INFO - [65.109]: Ship 182 with fuel 100000:56335 bunkering from barge 7 with level 37084.
INFO - [65.247]: Ship 173 supplied.
INFO - [65.247]: Ship 183 with fuel 90000:40921 bunkering from barge 2 with level 25059.
INFO - [65.350]: Ship 186 starts unloading.
INFO - [65.445]: FuelBarge 4 refueled!
INFO - [65.445]: Ship 179 with fuel 140000:119504 bunkering from barge 4 with level 100000.
INFO - [65.593]: Ship 187 starts unloading.
INFO - [65.832]: Ship 175 supplied.
INFO - [65.832]: Ship 185 with fuel 130000:73190 bunkering from barge 0 with level 49351.
INFO - [65.854]: FuelBarge 2 refueled!
INFO - [65.854]: Ship 183 with fuel 90000:65980 bunkering from barge 2 with level 100000.
INFO - [65.858]: Ship 171 completed unloading.
INFO - [65.876]: Ship 176 supplied.
INFO - [65.876]: Ship 184 with fuel 60000:40638 bunkering from barge 3 with level 49842.
INFO - [65.990]: FuelBarge 7 refueled!
INFO - [65.990]: Ship 182 with fuel 100000:93419 bunkering from barge 7 with level 100000.
INFO - [66.074]: Ship 189 starts unloading.
INFO - [66.106]: Ship 173 completed unloading.
INFO - [66.120]: Ship 174 supplied.
INFO - [66.120]: Ship 186 with fuel 100000:40264 bunkering from barge 5 with level 90642.
INFO - [66.199]: Ship 191 starts unloading.
INFO - [66.207]: Ship 178 supplied.
INFO - [66.207]: Ship 187 with fuel 100000:51049 bunkering from barge 1 with level 42039.
INFO - [66.329]: Ship 176 completed unloading.
INFO - [66.466]: Ship 174 completed unloading.
INFO - [66.504]: Ship 192 starts unloading.
INFO - [66.520]: Ship 177 supplied.
INFO - [66.520]: Ship 189 with fuel 90000:51368 bunkering from barge 6 with level 22200.
INFO - [66.535]: FuelBarge 0 refueled!
INFO - [66.535]: Ship 185 with fuel 130000:122541 bunkering from barge 0 with level 100000.
INFO - [66.573]: Ship 248 completed unloading.
INFO - [66.681]: Ship 172 completed unloading.
INFO - [66.729]: Ship 193 starts unloading.
INFO - [66.735]: Ship 175 completed unloading.
INFO - [66.852]: Ship 194 starts unloading.
INFO - [66.918]: Ship 195 starts unloading.
INFO - [67.168]: FuelBarge 6 refueled!
INFO - [67.168]: Ship 189 with fuel 90000:73568 bunkering from barge 6 with level 100000.
INFO - [67.286]: Ship 196 starts unloading.
INFO - [67.316]: Ship 179 supplied.
INFO - [67.316]: Ship 191 with fuel 50000:26777 bunkering from barge 4 with level 79504.
INFO - [67.612]: Ship 183 supplied.
INFO - [67.612]: Ship 192 with fuel 140000:71381 bunkering from barge 2 with level 75980.
INFO - [67.740]: Ship 182 supplied.
INFO - [67.740]: Ship 193 with fuel 60000:28344 bunkering from barge 7 with level 93419.
INFO - [67.848]: FuelBarge 1 refueled!
INFO - [67.848]: Ship 187 with fuel 100000:93088 bunkering from barge 1 with level 100000.
INFO - [67.989]: Ship 197 starts unloading.
INFO - [68.040]: Ship 178 completed unloading.
INFO - [68.051]: Ship 184 supplied.
INFO - [68.051]: Ship 194 with fuel 50000:38569 bunkering from barge 3 with level 30480.
INFO - [68.168]: Ship 198 starts unloading.
INFO - [68.168]: Ship 200 starts unloading.
INFO - [68.384]: Ship 179 completed unloading.
INFO - [68.400]: Ship 186 supplied.
INFO - [68.400]: Ship 195 with fuel 60000:33974 bunkering from barge 5 with level 30906.
INFO - [68.448]: Ship 185 supplied.
INFO - [68.448]: Ship 196 with fuel 110000:48059 bunkering from barge 0 with level 92541.
INFO - [68.452]: Ship 202 starts unloading.
INFO - [68.669]: Ship 177 completed unloading.
INFO - [68.670]: Ship 182 completed unloading.
INFO - [68.849]: Ship 184 completed unloading.
INFO - [68.918]: Ship 183 completed unloading.
INFO - [69.092]: Ship 185 completed unloading.
INFO - [69.154]: Ship 204 starts unloading.
INFO - [69.266]: Ship 186 completed unloading.
INFO - [69.327]: Ship 189 supplied.
INFO - [69.327]: Ship 197 with fuel 70000:51375 bunkering from barge 6 with level 83568.
INFO - [69.342]: Ship 191 supplied.
INFO - [69.342]: Ship 198 with fuel 130000:66046 bunkering from barge 4 with level 56281.
INFO - [69.355]: Ship 187 completed unloading.
INFO - [69.443]: Ship 278 starts unloading.
INFO - [69.483]: Ship 192 supplied.
INFO - [69.483]: Ship 200 with fuel 110000:80819 bunkering from barge 2 with level 7361.
INFO - [69.574]: Ship 187 supplied.
INFO - [69.574]: Ship 202 with fuel 100000:64173 bunkering from barge 1 with level 93088.
INFO - [69.615]: Ship 194 supplied.
INFO - [69.615]: Ship 204 with fuel 60000:45501 bunkering from barge 3 with level 19049.
INFO - [69.808]: Ship 193 completed unloading.
INFO - [69.883]: Ship 193 supplied.
INFO - [69.883]: Ship 278 with fuel 100000:61286 bunkering from barge 7 with level 61763.
INFO - [69.886]: Ship 205 starts unloading.
INFO - [69.940]: Ship 194 completed unloading.
INFO - [70.132]: Ship 191 completed unloading.
INFO - [70.215]: Ship 196 supplied.
INFO - [70.215]: Ship 205 with fuel 120000:56054 bunkering from barge 0 with level 30600.
INFO - [70.371]: FuelBarge 4 refueled!
INFO - [70.371]: Ship 198 with fuel 130000:122327 bunkering from barge 4 with level 100000.
INFO - [70.476]: Ship 189 completed unloading.
INFO - [70.739]: FuelBarge 2 refueled!
INFO - [70.739]: Ship 200 with fuel 110000:88180 bunkering from barge 2 with level 100000.
INFO - [70.802]: Ship 195 supplied.
INFO - [71.138]: Ship 196 completed unloading.
INFO - [71.141]: Ship 195 completed unloading.
INFO - [71.166]: Ship 192 completed unloading.
INFO - [71.373]: Ship 197 completed unloading.
INFO - [71.407]: Ship 206 starts unloading.
INFO - [71.407]: Ship 206 with fuel 50000:30162 bunkering from barge 5 with level 4880.
INFO - [71.422]: Ship 197 supplied.
INFO - [71.685]: FuelBarge 0 refueled!
INFO - [71.685]: Ship 205 with fuel 120000:86654 bunkering from barge 0 with level 100000.
INFO - [71.706]: Ship 202 supplied.
INFO - [71.757]: Ship 204 supplied.
INFO - [71.922]: Ship 207 starts unloading.
INFO - [71.922]: Ship 207 with fuel 130000:92508 bunkering from barge 6 with level 64943.
INFO - [72.049]: Ship 278 supplied.
INFO - [72.084]: Ship 210 starts unloading.
INFO - [72.084]: Ship 210 with fuel 100000:71038 bunkering from barge 1 with level 57261.
INFO - [72.124]: Ship 211 starts unloading.
INFO - [72.124]: Ship 211 with fuel 120000:94492 bunkering from barge 3 with level 4550.
INFO - [72.146]: Ship 208 starts unloading.
INFO - [72.146]: Ship 208 with fuel 140000:105564 bunkering from barge 7 with level 23049.
INFO - [72.359]: FuelBarge 5 refueled!
INFO - [72.359]: Ship 206 with fuel 50000:35042 bunkering from barge 5 with level 100000.
INFO - [72.399]: Ship 198 supplied.
INFO - [72.568]: Ship 278 completed unloading.
INFO - [72.752]: Ship 200 completed unloading.
INFO - [72.815]: Ship 198 completed unloading.
INFO - [72.826]: Ship 200 supplied.
INFO - [72.828]: Ship 202 completed unloading.
INFO - [72.902]: FuelBarge 3 refueled!
INFO - [72.902]: Ship 211 with fuel 120000:99042 bunkering from barge 3 with level 100000.
INFO - [73.029]: Ship 295 starts unloading.
INFO - [73.029]: Ship 295 with fuel 100000:54183 bunkering from barge 4 with level 92327.
INFO - [73.258]: Ship 214 starts unloading.
INFO - [73.258]: Ship 214 with fuel 150000:108555 bunkering from barge 2 with level 78180.
INFO - [73.282]: FuelBarge 7 refueled!
INFO - [73.282]: Ship 208 with fuel 140000:128613 bunkering from barge 7 with level 100000.
INFO - [73.287]: Ship 213 starts unloading.
INFO - [73.450]: Ship 212 starts unloading.
INFO - [73.750]: Ship 205 supplied.
INFO - [73.750]: Ship 213 with fuel 60000:29646 bunkering from barge 0 with level 66654.
INFO - [74.004]: Ship 206 supplied.
INFO - [74.004]: Ship 212 with fuel 50000:35269 bunkering from barge 5 with level 85042.
INFO - [74.040]: Ship 204 completed unloading.
INFO - [74.117]: Ship 207 supplied.
INFO - [74.175]: Ship 205 completed unloading.
INFO - [74.195]: Ship 216 starts unloading.
INFO - [74.195]: Ship 216 with fuel 150000:113023 bunkering from barge 6 with level 27451.
INFO - [74.196]: Ship 210 supplied.
INFO - [74.267]: Ship 217 starts unloading.
INFO - [74.267]: Ship 217 with fuel 100000:42212 bunkering from barge 1 with level 28299.
INFO - [74.514]: Ship 218 starts unloading.
INFO - [74.783]: Ship 295 supplied.
INFO - [74.783]: Ship 218 with fuel 150000:88967 bunkering from barge 4 with level 46510.
INFO - [74.812]: Ship 211 supplied.
INFO - [74.930]: Ship 219 starts unloading.
INFO - [74.930]: Ship 219 with fuel 150000:99140 bunkering from barge 3 with level 79042.
INFO - [75.077]: Ship 214 supplied.
INFO - [75.244]: FuelBarge 1 refueled!
INFO - [75.244]: Ship 217 with fuel 100000:70511 bunkering from barge 1 with level 100000.
INFO - [75.349]: Ship 309 starts unloading.
INFO - [75.349]: Ship 309 with fuel 120000:89924 bunkering from barge 2 with level 36735.
INFO - [75.391]: Ship 208 supplied.
INFO - [75.519]: Ship 311 starts unloading.
INFO - [75.519]: Ship 311 with fuel 80000:39421 bunkering from barge 7 with level 88613.
INFO - [75.546]: Ship 222 starts unloading.
INFO - [75.650]: Ship 213 supplied.
INFO - [75.650]: Ship 222 with fuel 60000:35777 bunkering from barge 0 with level 36300.
INFO - [75.683]: Ship 220 starts unloading.
INFO - [75.684]: Ship 212 supplied.
INFO - [75.684]: Ship 220 with fuel 130000:94832 bunkering from barge 5 with level 70311.
INFO - [75.701]: Ship 208 completed unloading.
INFO - [75.730]: Ship 206 completed unloading.
INFO - [75.746]: FuelBarge 6 refueled!
INFO - [75.746]: Ship 216 with fuel 150000:140474 bunkering from barge 6 with level 100000.
INFO - [75.825]: Ship 223 starts unloading.
INFO - [75.834]: Ship 211 completed unloading.
INFO - [75.977]: FuelBarge 4 refueled!
INFO - [75.977]: Ship 218 with fuel 150000:135477 bunkering from barge 4 with level 100000.
INFO - [76.057]: Ship 207 completed unloading.
INFO - [76.083]: Ship 224 starts unloading.
INFO - [76.307]: Ship 225 starts unloading.
INFO - [76.602]: Ship 313 starts unloading.
INFO - [76.701]: Ship 210 completed unloading.
INFO - [76.728]: Ship 316 starts unloading.
INFO - [76.780]: Ship 295 completed unloading.
INFO - [76.780]: Ship 219 supplied.
INFO - [76.780]: Ship 223 with fuel 130000:83223 bunkering from barge 3 with level 28182.
INFO - [77.079]: Ship 318 starts unloading.
INFO - [77.115]: Ship 309 supplied.
INFO - [77.115]: Ship 224 with fuel 90000:36150 bunkering from barge 2 with level 6659.
INFO - [77.304]: Ship 217 supplied.
INFO - [77.304]: Ship 225 with fuel 110000:84062 bunkering from barge 1 with level 70511.
INFO - [77.453]: Ship 227 starts unloading.
INFO - [77.497]: Ship 220 supplied.
INFO - [77.497]: Ship 313 with fuel 150000:64813 bunkering from barge 5 with level 35143.
INFO - [77.518]: Ship 213 completed unloading.
INFO - [77.538]: Ship 212 completed unloading.
INFO - [77.556]: Ship 214 completed unloading.
INFO - [77.565]: Ship 311 supplied.
INFO - [77.565]: Ship 316 with fuel 80000:58582 bunkering from barge 7 with level 48034.
INFO - [77.709]: Ship 228 starts unloading.
INFO - [77.776]: FuelBarge 3 refueled!
INFO - [77.776]: Ship 223 with fuel 130000:111405 bunkering from barge 3 with level 100000.
INFO - [77.835]: Ship 216 supplied.
INFO - [77.835]: Ship 318 with fuel 90000:55799 bunkering from barge 6 with level 90474.
INFO - [77.852]: Ship 222 supplied.
INFO - [77.852]: Ship 227 with fuel 100000:77619 bunkering from barge 0 with level 12077.
INFO - [77.877]: Ship 229 starts unloading.
INFO - [77.924]: Ship 218 supplied.
INFO - [77.924]: Ship 228 with fuel 120000:78949 bunkering from barge 4 with level 85477.
INFO - [78.172]: Ship 217 completed unloading.
INFO - [78.174]: FuelBarge 2 refueled!
INFO - [78.174]: Ship 224 with fuel 90000:42809 bunkering from barge 2 with level 100000.
INFO - [78.186]: Ship 216 completed unloading.
INFO - [78.228]: Ship 218 completed unloading.
INFO - [78.425]: FuelBarge 5 refueled!
INFO - [78.425]: Ship 313 with fuel 150000:99956 bunkering from barge 5 with level 100000.
INFO - [78.436]: Ship 230 starts unloading.
INFO - [78.473]: Ship 219 completed unloading.
INFO - [78.641]: FuelBarge 0 refueled!
INFO - [78.641]: Ship 227 with fuel 100000:89696 bunkering from barge 0 with level 100000.
INFO - [78.786]: Ship 231 starts unloading.
INFO - [79.039]: Ship 232 starts unloading.
INFO - [79.158]: Ship 223 supplied.
INFO - [79.158]: Ship 229 with fuel 80000:62766 bunkering from barge 3 with level 81405.
INFO - [79.397]: Ship 225 supplied.
INFO - [79.397]: Ship 230 with fuel 130000:54624 bunkering from barge 1 with level 44573.
INFO - [79.523]: Ship 222 completed unloading.
INFO - [79.599]: Ship 311 completed unloading.
INFO - [79.617]: Ship 223 completed unloading.
INFO - [79.818]: Ship 309 completed unloading.
INFO - [79.996]: Ship 228 supplied.
INFO - [79.996]: Ship 231 with fuel 90000:40044 bunkering from barge 4 with level 44426.
INFO - [79.997]: Ship 329 starts unloading.
INFO - [80.019]: Ship 318 supplied.
INFO - [80.019]: Ship 232 with fuel 130000:97635 bunkering from barge 6 with level 56273.
INFO - [80.022]: Ship 313 supplied.
INFO - [80.022]: Ship 329 with fuel 70000:40898 bunkering from barge 5 with level 49956.
INFO - [80.137]: Ship 316 supplied.
INFO - [80.176]: FuelBarge 1 refueled!
INFO - [80.176]: Ship 230 with fuel 130000:99197 bunkering from barge 1 with level 100000.
INFO - [80.277]: Ship 220 completed unloading.
INFO - [80.279]: Ship 224 supplied.
INFO - [80.430]: Ship 224 completed unloading.
INFO - [80.746]: Ship 225 completed unloading.
INFO - [80.798]: FuelBarge 4 refueled!
INFO - [80.798]: Ship 231 with fuel 90000:84470 bunkering from barge 4 with level 100000.
INFO - [80.820]: Ship 233 starts unloading.
INFO - [80.820]: Ship 233 with fuel 100000:60362 bunkering from barge 7 with level 26616.
INFO - [80.871]: Ship 227 supplied.
INFO - [80.922]: Ship 235 starts unloading.
INFO - [80.922]: Ship 235 with fuel 100000:77447 bunkering from barge 2 with level 52809.
INFO - [81.004]: Ship 234 starts unloading.
INFO - [81.004]: Ship 234 with fuel 110000:49262 bunkering from barge 0 with level 89696.
INFO - [81.083]: Ship 316 completed unloading.
INFO - [81.124]: Ship 313 completed unloading.
INFO - [81.556]: Ship 229 supplied.
INFO - [81.603]: Ship 227 completed unloading.
INFO - [81.653]: FuelBarge 7 refueled!
INFO - [81.653]: Ship 233 with fuel 100000:86978 bunkering from barge 7 with level 100000.
INFO - [81.760]: Ship 318 completed unloading.
INFO - [81.875]: Ship 237 starts unloading.
INFO - [81.875]: Ship 237 with fuel 60000:26408 bunkering from barge 3 with level 64171.
INFO - [81.891]: Ship 229 completed unloading.
INFO - [81.898]: Ship 236 starts unloading.
INFO - [81.914]: Ship 232 supplied.
INFO - [81.914]: Ship 236 with fuel 80000:58928 bunkering from barge 6 with level 23908.
INFO - [81.950]: Ship 238 starts unloading.
INFO - [81.983]: Ship 329 supplied.
INFO - [81.983]: Ship 238 with fuel 120000:50598 bunkering from barge 5 with level 20854.
INFO - [82.018]: Ship 231 completed unloading.
INFO - [82.111]: Ship 239 starts unloading.
INFO - [82.244]: Ship 230 supplied.
INFO - [82.244]: Ship 239 with fuel 80000:50445 bunkering from barge 1 with level 69197.
INFO - [82.407]: Ship 228 completed unloading.
INFO - [82.493]: Ship 232 completed unloading.
INFO - [82.538]: Ship 230 completed unloading.
INFO - [82.591]: Ship 231 supplied.
INFO - [83.009]: Ship 240 starts unloading.
INFO - [83.009]: Ship 240 with fuel 130000:86379 bunkering from barge 4 with level 94470.
INFO - [83.065]: FuelBarge 5 refueled!
INFO - [83.065]: Ship 238 with fuel 120000:71452 bunkering from barge 5 with level 100000.
INFO - [83.210]: Ship 241 starts unloading.
INFO - [83.287]: Ship 235 supplied.
INFO - [83.287]: Ship 241 with fuel 130000:55041 bunkering from barge 2 with level 30256.
INFO - [83.431]: Ship 234 supplied.
INFO - [83.576]: Ship 329 completed unloading.
INFO - [83.677]: Ship 233 supplied.
INFO - [83.750]: Ship 236 supplied.
INFO - [83.843]: Ship 342 starts unloading.
INFO - [83.843]: Ship 342 with fuel 110000:86801 bunkering from barge 0 with level 28958.
INFO - [84.099]: FuelBarge 2 refueled!
INFO - [84.099]: Ship 241 with fuel 130000:85297 bunkering from barge 2 with level 100000.
INFO - [84.276]: Ship 237 supplied.
INFO - [84.367]: Ship 244 starts unloading.
INFO - [84.367]: Ship 244 with fuel 90000:64900 bunkering from barge 7 with level 86978.
INFO - [84.429]: Ship 242 starts unloading.
INFO - [84.429]: Ship 242 with fuel 70000:50103 bunkering from barge 6 with level 2836.
INFO - [84.479]: Ship 239 supplied.
INFO - [84.653]: Ship 238 supplied.
INFO - [84.688]: Ship 245 starts unloading.
INFO - [84.688]: Ship 245 with fuel 130000:89779 bunkering from barge 3 with level 30579.
INFO - [84.692]: Ship 233 completed unloading.
INFO - [84.887]: Ship 247 starts unloading.
INFO - [84.887]: Ship 247 with fuel 100000:73260 bunkering from barge 1 with level 39642.
INFO - [84.987]: Ship 249 starts unloading.
INFO - [84.987]: Ship 249 with fuel 100000:69097 bunkering from barge 5 with level 51452.
INFO - [85.009]: Ship 250 starts unloading.
INFO - [85.097]: Ship 251 starts unloading.
INFO - [85.278]: FuelBarge 6 refueled!
INFO - [85.278]: Ship 242 with fuel 70000:52939 bunkering from barge 6 with level 100000.
INFO - [85.375]: Ship 235 completed unloading.
INFO - [85.532]: Ship 253 starts unloading.
INFO - [85.567]: Ship 342 supplied.
INFO - [85.567]: Ship 250 with fuel 110000:48473 bunkering from barge 0 with level 5759.
INFO - [85.617]: Ship 252 starts unloading.
INFO - [85.640]: Ship 254 starts unloading.
INFO - [85.667]: FuelBarge 3 refueled!
INFO - [85.667]: Ship 245 with fuel 130000:120358 bunkering from barge 3 with level 100000.
INFO - [85.693]: Ship 240 supplied.
INFO - [85.693]: Ship 251 with fuel 130000:78819 bunkering from barge 4 with level 50849.
INFO - [85.875]: Ship 350 starts unloading.
INFO - [85.982]: Ship 239 completed unloading.
INFO - [86.138]: Ship 234 completed unloading.
INFO - [86.200]: Ship 237 completed unloading.
INFO - [86.218]: Ship 241 supplied.
INFO - [86.218]: Ship 253 with fuel 100000:50027 bunkering from barge 2 with level 55297.
INFO - [86.243]: FuelBarge 0 refueled!
INFO - [86.243]: Ship 250 with fuel 110000:54232 bunkering from barge 0 with level 100000.
INFO - [86.256]: Ship 238 completed unloading.
INFO - [86.290]: Ship 236 completed unloading.
INFO - [86.375]: FuelBarge 4 refueled!
INFO - [86.375]: Ship 251 with fuel 130000:129668 bunkering from barge 4 with level 100000.
INFO - [86.503]: Ship 244 supplied.
INFO - [86.503]: Ship 252 with fuel 50000:30337 bunkering from barge 7 with level 61878.
INFO - [86.518]: Ship 249 supplied.
INFO - [86.518]: Ship 254 with fuel 100000:66665 bunkering from barge 5 with level 20549.
INFO - [86.527]: Ship 351 starts unloading.
INFO - [86.816]: Ship 241 completed unloading.
INFO - [86.973]: Ship 354 starts unloading.
INFO - [87.112]: Ship 247 supplied.
INFO - [87.112]: Ship 350 with fuel 150000:84350 bunkering from barge 1 with level 12902.
INFO - [87.148]: Ship 242 supplied.
INFO - [87.148]: Ship 351 with fuel 140000:65765 bunkering from barge 6 with level 82939.
INFO - [87.164]: Ship 255 starts unloading.
INFO - [87.178]: Ship 256 starts unloading.
INFO - [87.287]: Ship 240 completed unloading.
INFO - [87.435]: FuelBarge 5 refueled!
INFO - [87.435]: Ship 254 with fuel 100000:87214 bunkering from barge 5 with level 100000.
INFO - [87.561]: Ship 245 supplied.
INFO - [87.561]: Ship 354 with fuel 120000:63366 bunkering from barge 3 with level 90358.
INFO - [87.692]: FuelBarge 1 refueled!
INFO - [87.692]: Ship 350 with fuel 150000:97252 bunkering from barge 1 with level 100000.
INFO - [87.716]: Ship 253 supplied.
INFO - [87.716]: Ship 255 with fuel 100000:78844 bunkering from barge 2 with level 5324.
INFO - [87.742]: Ship 342 completed unloading.
INFO - [87.782]: Ship 257 starts unloading.
INFO - [87.995]: Ship 258 starts unloading.
INFO - [88.099]: Ship 250 supplied.
INFO - [88.099]: Ship 256 with fuel 60000:46992 bunkering from barge 0 with level 44232.
INFO - [88.135]: Ship 259 starts unloading.
INFO - [88.300]: Ship 253 completed unloading.
INFO - [88.326]: Ship 363 starts unloading.
INFO - [88.347]: Ship 251 supplied.
INFO - [88.347]: Ship 257 with fuel 120000:62331 bunkering from barge 4 with level 99668.
INFO - [88.674]: Ship 249 completed unloading.
INFO - [88.688]: Ship 252 supplied.
INFO - [88.688]: Ship 258 with fuel 80000:41183 bunkering from barge 7 with level 42215.
INFO - [88.791]: Ship 242 completed unloading.
INFO - [88.808]: Ship 244 completed unloading.
INFO - [88.905]: FuelBarge 2 refueled!
INFO - [88.905]: Ship 255 with fuel 100000:84168 bunkering from barge 2 with level 100000.
INFO - [88.966]: Ship 251 completed unloading.
INFO - [88.982]: Ship 260 starts unloading.
INFO - [89.111]: Ship 351 supplied.
INFO - [89.111]: Ship 259 with fuel 120000:66907 bunkering from barge 6 with level 8704.
INFO - [89.126]: Ship 350 supplied.
INFO - [89.126]: Ship 363 with fuel 100000:76472 bunkering from barge 1 with level 47252.
INFO - [89.180]: Ship 247 completed unloading.
INFO - [89.194]: Ship 252 completed unloading.
INFO - [89.250]: Ship 350 completed unloading.
INFO - [89.315]: Ship 261 starts unloading.
INFO - [89.415]: Ship 250 completed unloading.
INFO - [89.479]: Ship 254 completed unloading.
INFO - [89.599]: Ship 262 starts unloading.
INFO - [89.678]: Ship 354 supplied.
INFO - [89.678]: Ship 260 with fuel 130000:77808 bunkering from barge 3 with level 33724.
INFO - [89.796]: Ship 245 completed unloading.
INFO - [89.836]: Ship 254 supplied.
INFO - [89.836]: Ship 261 with fuel 70000:34424 bunkering from barge 5 with level 87214.
INFO - [89.875]: Ship 369 starts unloading.
INFO - [89.908]: Ship 256 supplied.
INFO - [89.908]: Ship 262 with fuel 130000:85113 bunkering from barge 0 with level 31224.
INFO - [90.118]: Ship 370 starts unloading.
INFO - [90.143]: FuelBarge 6 refueled!
INFO - [90.143]: Ship 259 with fuel 120000:75611 bunkering from barge 6 with level 100000.
INFO - [90.165]: Ship 351 completed unloading.
INFO - [90.364]: FuelBarge 3 refueled!
INFO - [90.364]: Ship 260 with fuel 130000:111532 bunkering from barge 3 with level 100000.
INFO - [90.577]: Ship 255 supplied.
INFO - [90.577]: Ship 369 with fuel 70000:32652 bunkering from barge 2 with level 84168.
INFO - [90.762]: Ship 257 supplied.
INFO - [90.762]: Ship 370 with fuel 50000:34341 bunkering from barge 4 with level 41999.
INFO - [90.814]: Ship 258 supplied.
INFO - [90.888]: Ship 255 completed unloading.
INFO - [90.916]: FuelBarge 0 refueled!
INFO - [90.916]: Ship 262 with fuel 130000:116337 bunkering from barge 0 with level 100000.
INFO - [91.043]: Ship 373 starts unloading.
INFO - [91.043]: Ship 373 with fuel 140000:96272 bunkering from barge 7 with level 3398.
INFO - [91.364]: Ship 363 supplied.
INFO - [91.439]: Ship 354 completed unloading.
INFO - [91.448]: Ship 377 starts unloading.
INFO - [91.448]: Ship 377 with fuel 80000:43116 bunkering from barge 1 with level 23724.
INFO - [91.504]: Ship 261 supplied.
INFO - [91.727]: Ship 379 starts unloading.
INFO - [91.727]: Ship 379 with fuel 70000:37859 bunkering from barge 5 with level 51638.
INFO - [91.784]: Ship 257 completed unloading.
INFO - [91.928]: Ship 259 supplied.
INFO - [92.033]: Ship 256 completed unloading.
INFO - [92.041]: FuelBarge 7 refueled!
INFO - [92.041]: Ship 373 with fuel 140000:99670 bunkering from barge 7 with level 100000.
INFO - [92.065]: Ship 380 starts unloading.
INFO - [92.065]: Ship 380 with fuel 150000:72845 bunkering from barge 6 with level 55611.
INFO - [92.075]: Ship 264 starts unloading.
INFO - [92.128]: Ship 260 supplied.
INFO - [92.128]: Ship 264 with fuel 100000:46687 bunkering from barge 3 with level 81532.
INFO - [92.131]: Ship 384 starts unloading.
INFO - [92.208]: FuelBarge 1 refueled!
INFO - [92.208]: Ship 377 with fuel 80000:66840 bunkering from barge 1 with level 100000.
INFO - [92.341]: Ship 263 starts unloading.
INFO - [92.437]: Ship 363 completed unloading.
INFO - [92.462]: Ship 369 supplied.
INFO - [92.462]: Ship 384 with fuel 70000:49552 bunkering from barge 2 with level 46820.
INFO - [92.599]: Ship 262 supplied.
INFO - [92.599]: Ship 263 with fuel 80000:48204 bunkering from barge 0 with level 86337.
INFO - [92.608]: Ship 260 completed unloading.
INFO - [92.636]: Ship 385 starts unloading.
INFO - [92.642]: Ship 258 completed unloading.
INFO - [92.732]: Ship 370 supplied.
INFO - [92.732]: Ship 385 with fuel 80000:59568 bunkering from barge 4 with level 26340.
INFO - [93.084]: Ship 389 starts unloading.
INFO - [93.106]: FuelBarge 6 refueled!
INFO - [93.106]: Ship 380 with fuel 150000:128456 bunkering from barge 6 with level 100000.
INFO - [93.215]: Ship 266 starts unloading.
INFO - [93.217]: Ship 265 starts unloading.
INFO - [93.219]: Ship 259 completed unloading.
INFO - [93.307]: Ship 261 completed unloading.
INFO - [93.316]: Ship 267 starts unloading.
INFO - [93.330]: Ship 262 completed unloading.
INFO - [93.640]: Ship 379 supplied.
INFO - [93.640]: Ship 389 with fuel 60000:45168 bunkering from barge 5 with level 19497.
INFO - [93.698]: Ship 373 supplied.
INFO - [93.698]: Ship 266 with fuel 80000:32309 bunkering from barge 7 with level 59670.
INFO - [93.904]: Ship 264 supplied.
INFO - [93.904]: Ship 265 with fuel 100000:56816 bunkering from barge 3 with level 28219.
INFO - [93.906]: Ship 396 starts unloading.
INFO - [93.925]: Ship 369 completed unloading.
INFO - [94.005]: Ship 384 supplied.
INFO - [94.005]: Ship 267 with fuel 120000:85594 bunkering from barge 2 with level 26372.
INFO - [94.176]: Ship 370 completed unloading.
INFO - [94.262]: Ship 377 supplied.
INFO - [94.262]: Ship 396 with fuel 140000:80540 bunkering from barge 1 with level 86840.
INFO - [94.378]: Ship 397 starts unloading.
INFO - [94.418]: FuelBarge 2 refueled!
INFO - [94.418]: Ship 267 with fuel 120000:111966 bunkering from barge 2 with level 100000.
INFO - [94.450]: Ship 398 starts unloading.
INFO - [94.606]: Ship 385 supplied.
INFO - [94.606]: Ship 397 with fuel 90000:68120 bunkering from barge 4 with level 5908.
INFO - [94.683]: Ship 263 supplied.
INFO - [94.683]: Ship 398 with fuel 50000:38452 bunkering from barge 0 with level 54541.
INFO - [94.898]: Ship 380 supplied.
INFO - [94.936]: FuelBarge 3 refueled!
INFO - [94.936]: Ship 265 with fuel 100000:85035 bunkering from barge 3 with level 100000.
INFO - [95.154]: Ship 377 completed unloading.
INFO - [95.484]: Ship 399 starts unloading.
INFO - [95.484]: Ship 399 with fuel 90000:56729 bunkering from barge 6 with level 78456.
INFO - [95.509]: Ship 384 completed unloading.
INFO - [95.529]: Ship 379 completed unloading.
INFO - [95.577]: Ship 389 supplied.
INFO - [95.632]: Ship 402 starts unloading.
INFO - [95.632]: Ship 402 with fuel 90000:61267 bunkering from barge 5 with level 4665.
INFO - [95.734]: FuelBarge 4 refueled!
INFO - [95.734]: Ship 397 with fuel 90000:74028 bunkering from barge 4 with level 100000.
INFO - [95.801]: Ship 264 completed unloading.
INFO - [95.806]: Ship 405 starts unloading.
INFO - [95.849]: Ship 266 supplied.
INFO - [95.849]: Ship 405 with fuel 100000:62338 bunkering from barge 7 with level 11979.
INFO - [95.911]: Ship 373 completed unloading.
INFO - [96.028]: Ship 265 completed unloading.
INFO - [96.062]: Ship 268 starts unloading.
INFO - [96.124]: Ship 267 supplied.
INFO - [96.124]: Ship 268 with fuel 130000:61097 bunkering from barge 2 with level 91966.
INFO - [96.191]: Ship 380 completed unloading.
INFO - [96.242]: Ship 396 supplied.
INFO - [96.306]: Ship 263 completed unloading.
INFO - [96.312]: Ship 385 completed unloading.
INFO - [96.363]: FuelBarge 7 refueled!
INFO - [96.363]: Ship 405 with fuel 100000:74317 bunkering from barge 7 with level 100000.
INFO - [96.509]: Ship 410 starts unloading.
INFO - [96.509]: Ship 410 with fuel 60000:28292 bunkering from barge 1 with level 27380.
INFO - [96.615]: FuelBarge 5 refueled!
INFO - [96.615]: Ship 402 with fuel 90000:65932 bunkering from barge 5 with level 100000.
INFO - [97.030]: Ship 266 completed unloading.
INFO - [97.042]: Ship 399 supplied.
INFO - [97.082]: Ship 398 supplied.
INFO - [97.133]: Ship 265 supplied.
INFO - [97.149]: Ship 411 starts unloading.
INFO - [97.149]: Ship 411 with fuel 60000:33667 bunkering from barge 6 with level 45185.
INFO - [97.326]: Ship 267 completed unloading.
INFO - [97.347]: FuelBarge 1 refueled!
INFO - [97.347]: Ship 410 with fuel 60000:55672 bunkering from barge 1 with level 100000.
INFO - [97.500]: Ship 396 completed unloading.
INFO - [97.506]: Ship 397 supplied.
INFO - [97.568]: Ship 389 completed unloading.
INFO - [97.764]: Ship 269 starts unloading.
INFO - [97.764]: Ship 269 with fuel 90000:56940 bunkering from barge 0 with level 42993.
INFO - [97.920]: Ship 268 supplied.
INFO - [98.163]: Ship 397 completed unloading.
INFO - [98.211]: Ship 405 supplied.
INFO - [98.461]: Ship 426 starts unloading.
INFO - [98.461]: Ship 426 with fuel 90000:68290 bunkering from barge 3 with level 85035.
INFO - [98.683]: Ship 402 completed unloading.
INFO - [98.711]: Ship 402 supplied.
INFO - [98.952]: Ship 398 completed unloading.
INFO - [99.073]: Ship 410 supplied.
INFO - [99.327]: Ship 270 starts unloading.
INFO - [99.327]: Ship 270 with fuel 80000:35573 bunkering from barge 4 with level 84028.
INFO - [99.343]: Ship 411 supplied.
INFO - [99.627]: Ship 269 supplied.
INFO - [99.633]: Ship 271 starts unloading.
INFO - [99.633]: Ship 271 with fuel 110000:82578 bunkering from barge 2 with level 23063.
INFO - [99.651]: Ship 272 starts unloading.
INFO - [99.651]: Ship 272 with fuel 100000:58030 bunkering from barge 7 with level 74317.
INFO - [99.659]: Ship 273 starts unloading.
INFO - [99.659]: Ship 273 with fuel 120000:54318 bunkering from barge 5 with level 75932.
INFO - [99.765]: Ship 399 completed unloading.
INFO - [100.195]: Ship 274 starts unloading.
INFO - [100.195]: Ship 274 with fuel 140000:73987 bunkering from barge 1 with level 95672.
INFO - [100.219]: Ship 405 completed unloading.
INFO - [100.431]: Ship 426 supplied.
INFO - [100.482]: Ship 277 starts unloading.
INFO - [100.482]: Ship 277 with fuel 50000:22440 bunkering from barge 6 with level 18852.
INFO - [100.485]: Ship 279 starts unloading.
INFO - [100.485]: Ship 279 with fuel 140000:67368 bunkering from barge 0 with level 9933.
INFO - [100.543]: Ship 275 starts unloading.
INFO - [100.543]: Ship 275 with fuel 80000:59991 bunkering from barge 3 with level 63325.
INFO - [100.655]: Ship 268 completed unloading.
INFO - [100.674]: Ship 411 completed unloading.
INFO - [100.781]: Ship 276 starts unloading.
INFO - [101.023]: Ship 281 starts unloading.
INFO - [101.071]: FuelBarge 2 refueled!
INFO - [101.071]: Ship 271 with fuel 110000:105641 bunkering from barge 2 with level 100000.
INFO - [101.083]: Ship 280 starts unloading.
INFO - [101.105]: FuelBarge 0 refueled!
INFO - [101.105]: Ship 279 with fuel 140000:77301 bunkering from barge 0 with level 100000.
INFO - [101.252]: Ship 273 supplied.
INFO - [101.252]: Ship 276 with fuel 60000:26753 bunkering from barge 5 with level 10250.
INFO - [101.254]: Ship 282 starts unloading.
INFO - [101.465]: Ship 283 starts unloading.
INFO - [101.493]: Ship 284 starts unloading.
INFO - [101.514]: Ship 410 completed unloading.
INFO - [101.548]: Ship 272 supplied.
INFO - [101.548]: Ship 281 with fuel 70000:37712 bunkering from barge 7 with level 32347.
INFO - [101.608]: Ship 270 supplied.
INFO - [101.608]: Ship 280 with fuel 110000:58600 bunkering from barge 4 with level 39601.
INFO - [101.680]: Ship 269 completed unloading.
INFO - [101.794]: FuelBarge 6 refueled!
INFO - [101.794]: Ship 277 with fuel 50000:41292 bunkering from barge 6 with level 100000.
INFO - [101.822]: Ship 426 completed unloading.
INFO - [101.890]: Ship 435 starts unloading.
INFO - [101.964]: Ship 285 starts unloading.
INFO - [102.120]: Ship 274 supplied.
INFO - [102.120]: Ship 282 with fuel 110000:50000 bunkering from barge 1 with level 29659.
INFO - [102.353]: Ship 286 starts unloading.
INFO - [102.404]: Ship 437 starts unloading.
INFO - [102.690]: FuelBarge 5 refueled!
INFO - [102.690]: Ship 276 with fuel 60000:37003 bunkering from barge 5 with level 100000.
INFO - [102.790]: Ship 275 supplied.
INFO - [102.790]: Ship 283 with fuel 50000:24067 bunkering from barge 3 with level 43316.
INFO - [102.798]: Ship 438 starts unloading.
INFO - [102.801]: Ship 271 supplied.
INFO - [102.801]: Ship 284 with fuel 50000:30175 bunkering from barge 2 with level 95641.
INFO - [102.809]: FuelBarge 4 refueled!
INFO - [102.809]: Ship 280 with fuel 110000:98201 bunkering from barge 4 with level 100000.
INFO - [102.879]: Ship 273 completed unloading.
INFO - [102.935]: Ship 443 starts unloading.
INFO - [103.150]: Ship 271 completed unloading.
INFO - [103.216]: FuelBarge 1 refueled!
INFO - [103.216]: Ship 282 with fuel 110000:79659 bunkering from barge 1 with level 100000.
INFO - [103.330]: Ship 281 supplied.
INFO - [103.330]: Ship 435 with fuel 80000:52387 bunkering from barge 7 with level 59.
INFO - [103.508]: Ship 274 completed unloading.
INFO - [103.597]: Ship 275 completed unloading.
INFO - [103.602]: Ship 279 supplied.
INFO - [103.602]: Ship 285 with fuel 60000:38206 bunkering from barge 0 with level 37301.
INFO - [103.686]: Ship 270 completed unloading.
INFO - [103.807]: Ship 277 supplied.
INFO - [103.807]: Ship 286 with fuel 90000:70063 bunkering from barge 6 with level 91292.
INFO - [103.897]: Ship 272 completed unloading.
INFO - [103.983]: Ship 448 starts unloading.
INFO - [103.985]: Ship 444 starts unloading.
INFO - [104.380]: Ship 276 completed unloading.
INFO - [104.531]: FuelBarge 7 refueled!
INFO - [104.531]: Ship 435 with fuel 80000:52446 bunkering from barge 7 with level 100000.
INFO - [104.545]: Ship 276 supplied.
INFO - [104.545]: Ship 437 with fuel 140000:96200 bunkering from barge 5 with level 77003.
INFO - [104.653]: Ship 281 completed unloading.
INFO - [104.661]: Ship 280 supplied.
INFO - [104.661]: Ship 438 with fuel 110000:55925 bunkering from barge 4 with level 88201.
INFO - [104.682]: Ship 450 starts unloading.
INFO - [104.726]: Ship 451 starts unloading.
INFO - [104.786]: Ship 283 supplied.
INFO - [104.786]: Ship 443 with fuel 150000:61859 bunkering from barge 3 with level 17383.
INFO - [104.836]: Ship 284 supplied.
INFO - [104.836]: Ship 448 with fuel 70000:32161 bunkering from barge 2 with level 75816.
INFO - [105.048]: Ship 458 starts unloading.
INFO - [105.092]: Ship 277 completed unloading.
INFO - [105.386]: Ship 282 supplied.
INFO - [105.386]: Ship 444 with fuel 110000:50203 bunkering from barge 1 with level 69659.
INFO - [105.445]: Ship 283 completed unloading.
INFO - [105.492]: Ship 285 supplied.
INFO - [105.492]: Ship 450 with fuel 80000:39507 bunkering from barge 0 with level 15507.
INFO - [105.494]: Ship 285 completed unloading.
INFO - [105.521]: Ship 287 starts unloading.
INFO - [105.637]: Ship 459 starts unloading.
INFO - [105.657]: Ship 279 completed unloading.
INFO - [105.671]: Ship 284 completed unloading.
INFO - [105.749]: FuelBarge 3 refueled!
INFO - [105.749]: Ship 443 with fuel 150000:79242 bunkering from barge 3 with level 100000.
INFO - [105.820]: Ship 280 completed unloading.
INFO - [106.028]: Ship 438 completed unloading.
INFO - [106.058]: Ship 460 starts unloading.
INFO - [106.097]: Ship 282 completed unloading.
INFO - [106.121]: Ship 286 completed unloading.
INFO - [106.123]: Ship 286 supplied.
INFO - [106.123]: Ship 451 with fuel 140000:71292 bunkering from barge 6 with level 71355.
INFO - [106.161]: Ship 288 starts unloading.
INFO - [106.204]: Ship 435 completed unloading.
INFO - [106.293]: Ship 443 completed unloading.
INFO - [106.371]: Ship 438 supplied.
INFO - [106.371]: Ship 458 with fuel 90000:63762 bunkering from barge 4 with level 34126.
INFO - [106.444]: Ship 448 supplied.
INFO - [106.444]: Ship 287 with fuel 150000:66429 bunkering from barge 2 with level 37977.
INFO - [106.748]: Ship 437 supplied.
INFO - [106.748]: Ship 459 with fuel 50000:29973 bunkering from barge 5 with level 33203.
INFO - [106.790]: FuelBarge 0 refueled!
INFO - [106.790]: Ship 450 with fuel 80000:55014 bunkering from barge 0 with level 100000.
INFO - [106.795]: Ship 435 supplied.
INFO - [106.795]: Ship 460 with fuel 130000:62669 bunkering from barge 7 with level 72446.
INFO - [106.824]: Ship 463 starts unloading.
INFO - [107.499]: FuelBarge 2 refueled!
INFO - [107.499]: Ship 287 with fuel 150000:104406 bunkering from barge 2 with level 100000.
INFO - [107.508]: Ship 444 supplied.
INFO - [107.508]: Ship 288 with fuel 50000:24396 bunkering from barge 1 with level 9862.
INFO - [107.593]: Ship 450 completed unloading.
INFO - [107.598]: Ship 437 completed unloading.
INFO - [107.753]: Ship 289 starts unloading.
INFO - [107.809]: Ship 451 supplied.
INFO - [107.809]: Ship 463 with fuel 60000:36549 bunkering from barge 6 with level 2647.
INFO - [107.815]: Ship 443 supplied.
INFO - [107.815]: Ship 289 with fuel 70000:50445 bunkering from barge 3 with level 29242.
INFO - [107.892]: Ship 444 completed unloading.
INFO - [107.947]: Ship 290 starts unloading.
INFO - [108.024]: Ship 458 supplied.
INFO - [108.024]: Ship 290 with fuel 130000:67841 bunkering from barge 4 with level 7888.
INFO - [108.153]: Ship 292 starts unloading.
INFO - [108.168]: Ship 291 starts unloading.
INFO - [108.268]: Ship 293 starts unloading.
INFO - [108.470]: Ship 294 starts unloading.
INFO - [108.474]: Ship 451 completed unloading.
INFO - [108.515]: Ship 459 supplied.
INFO - [108.515]: Ship 292 with fuel 80000:34896 bunkering from barge 5 with level 13176.
INFO - [108.565]: FuelBarge 1 refueled!
INFO - [108.565]: Ship 288 with fuel 50000:34258 bunkering from barge 1 with level 100000.
INFO - [108.655]: FuelBarge 6 refueled!
INFO - [108.655]: Ship 463 with fuel 60000:39196 bunkering from barge 6 with level 100000.
INFO - [108.667]: Ship 448 completed unloading.
INFO - [108.679]: Ship 468 starts unloading.
INFO - [108.680]: Ship 450 supplied.
INFO - [108.680]: Ship 291 with fuel 130000:67238 bunkering from barge 0 with level 75014.
INFO - [108.732]: Ship 458 completed unloading.
INFO - [109.008]: FuelBarge 4 refueled!
INFO - [109.008]: Ship 290 with fuel 130000:75729 bunkering from barge 4 with level 100000.
INFO - [109.213]: Ship 472 starts unloading.
INFO - [109.225]: Ship 287 supplied.
INFO - [109.225]: Ship 293 with fuel 50000:33483 bunkering from barge 2 with level 54406.
INFO - [109.235]: Ship 460 supplied.
INFO - [109.235]: Ship 294 with fuel 100000:78626 bunkering from barge 7 with level 5115.
INFO - [109.245]: Ship 297 starts unloading.
INFO - [109.286]: Ship 296 starts unloading.
INFO - [109.357]: Ship 298 starts unloading.
INFO - [109.553]: FuelBarge 5 refueled!
INFO - [109.553]: Ship 292 with fuel 80000:48072 bunkering from barge 5 with level 100000.
INFO - [109.583]: Ship 288 completed unloading.
INFO - [109.831]: Ship 287 completed unloading.
INFO - [109.884]: Ship 459 completed unloading.
INFO - [110.106]: Ship 473 starts unloading.
INFO - [110.129]: Ship 289 supplied.
INFO - [110.129]: Ship 468 with fuel 130000:53410 bunkering from barge 3 with level 9687.
INFO - [110.155]: FuelBarge 7 refueled!
INFO - [110.155]: Ship 294 with fuel 100000:83741 bunkering from barge 7 with level 100000.
INFO - [110.205]: Ship 291 supplied.
INFO - [110.205]: Ship 472 with fuel 140000:71345 bunkering from barge 0 with level 12252.
INFO - [110.309]: Ship 299 starts unloading.
INFO - [110.336]: Ship 460 completed unloading.
INFO - [110.357]: Ship 301 starts unloading.
INFO - [110.414]: Ship 300 starts unloading.
INFO - [110.477]: Ship 463 completed unloading.
INFO - [110.492]: Ship 463 supplied.
INFO - [110.492]: Ship 297 with fuel 140000:90627 bunkering from barge 6 with level 79196.
INFO - [110.876]: Ship 483 starts unloading.
INFO - [110.905]: Ship 302 starts unloading.
INFO - [110.985]: Ship 288 supplied.
INFO - [110.985]: Ship 296 with fuel 60000:43332 bunkering from barge 1 with level 84258.
INFO - [111.011]: FuelBarge 3 refueled!
INFO - [111.011]: Ship 468 with fuel 130000:63097 bunkering from barge 3 with level 100000.
INFO - [111.157]: Ship 293 supplied.
INFO - [111.157]: Ship 298 with fuel 120000:54648 bunkering from barge 2 with level 37889.
INFO - [111.231]: Ship 485 starts unloading.
INFO - [111.268]: FuelBarge 0 refueled!
INFO - [111.268]: Ship 472 with fuel 140000:83597 bunkering from barge 0 with level 100000.
INFO - [111.274]: Ship 291 completed unloading.
INFO - [111.282]: Ship 290 completed unloading.
INFO - [111.360]: Ship 290 supplied.
INFO - [111.360]: Ship 473 with fuel 130000:96399 bunkering from barge 4 with level 45729.
INFO - [111.547]: Ship 292 supplied.
INFO - [111.547]: Ship 299 with fuel 80000:41652 bunkering from barge 5 with level 68072.
INFO - [111.635]: Ship 489 starts unloading.
INFO - [111.661]: Ship 289 completed unloading.
INFO - [111.825]: Ship 293 completed unloading.
INFO - [111.840]: Ship 292 completed unloading.
INFO - [112.022]: Ship 303 starts unloading.
INFO - [112.113]: FuelBarge 2 refueled!
INFO - [112.113]: Ship 298 with fuel 120000:92537 bunkering from barge 2 with level 100000.
INFO - [112.136]: Ship 304 starts unloading.
INFO - [112.294]: Ship 472 completed unloading.
INFO - [112.391]: Ship 306 starts unloading.
INFO - [112.436]: Ship 305 starts unloading.
INFO - [112.478]: Ship 468 completed unloading.
INFO - [112.485]: Ship 294 supplied.
INFO - [112.485]: Ship 301 with fuel 150000:112704 bunkering from barge 7 with level 83741.
INFO - [112.593]: Ship 296 supplied.
INFO - [112.593]: Ship 300 with fuel 140000:78006 bunkering from barge 1 with level 67590.
INFO - [112.762]: Ship 294 completed unloading.
INFO - [112.828]: Ship 297 supplied.
INFO - [112.828]: Ship 483 with fuel 50000:21989 bunkering from barge 6 with level 29823.
INFO - [112.885]: Ship 468 supplied.
INFO - [112.885]: Ship 302 with fuel 70000:44441 bunkering from barge 3 with level 33097.
INFO - [113.010]: Ship 473 supplied.
INFO - [113.010]: Ship 485 with fuel 150000:67693 bunkering from barge 4 with level 12128.
INFO - [113.099]: Ship 472 supplied.
INFO - [113.099]: Ship 489 with fuel 90000:45499 bunkering from barge 0 with level 43597.
INFO - [113.183]: Ship 307 starts unloading.
INFO - [113.488]: Ship 308 starts unloading.
INFO - [113.519]: Ship 298 completed unloading.
INFO - [113.564]: Ship 310 starts unloading.
INFO - [113.618]: Ship 296 completed unloading.
INFO - [113.698]: Ship 299 supplied.
INFO - [113.698]: Ship 303 with fuel 120000:56654 bunkering from barge 5 with level 29724.
INFO - [113.733]: FuelBarge 0 refueled!
INFO - [113.733]: Ship 489 with fuel 90000:89096 bunkering from barge 0 with level 100000.
INFO - [113.836]: Ship 299 completed unloading.
INFO - [113.891]: Ship 312 starts unloading.
INFO - [113.924]: Ship 298 supplied.
INFO - [113.924]: Ship 304 with fuel 50000:33638 bunkering from barge 2 with level 72537.
INFO - [113.933]: FuelBarge 4 refueled!
INFO - [113.933]: Ship 485 with fuel 150000:79821 bunkering from barge 4 with level 100000.
INFO - [113.933]: Ship 473 completed unloading.
INFO - [114.134]: Ship 314 starts unloading.
INFO - [114.395]: Ship 297 completed unloading.
INFO - [114.492]: Ship 301 completed unloading.
INFO - [114.645]: FuelBarge 5 refueled!
INFO - [114.645]: Ship 303 with fuel 120000:86378 bunkering from barge 5 with level 100000.
INFO - [114.658]: Ship 300 completed unloading.
INFO - [114.676]: Ship 315 starts unloading.
INFO - [114.736]: Ship 301 supplied.
INFO - [114.736]: Ship 306 with fuel 150000:63696 bunkering from barge 7 with level 46445.
INFO - [114.744]: Ship 511 starts unloading.
INFO - [114.804]: Ship 483 completed unloading.
INFO - [114.842]: Ship 483 supplied.
INFO - [114.842]: Ship 305 with fuel 70000:46797 bunkering from barge 6 with level 1812.
INFO - [114.898]: Ship 302 supplied.
INFO - [114.898]: Ship 307 with fuel 70000:29143 bunkering from barge 3 with level 7538.
INFO - [114.948]: Ship 300 supplied.
INFO - [114.948]: Ship 308 with fuel 100000:45118 bunkering from barge 1 with level 5596.
INFO - [115.524]: Ship 302 completed unloading.
INFO - [115.547]: Ship 317 starts unloading.
INFO - [115.643]: Ship 489 supplied.
INFO - [115.643]: Ship 310 with fuel 100000:72320 bunkering from barge 0 with level 99096.
INFO - [115.670]: Ship 485 completed unloading.
INFO - [115.733]: Ship 304 supplied.
INFO - [115.733]: Ship 312 with fuel 110000:47392 bunkering from barge 2 with level 56175.
INFO - [115.815]: Ship 303 completed unloading.
INFO - [115.863]: FuelBarge 1 refueled!
INFO - [115.863]: Ship 308 with fuel 100000:50714 bunkering from barge 1 with level 100000.
INFO - [115.918]: Ship 485 supplied.
INFO - [115.918]: Ship 314 with fuel 100000:49482 bunkering from barge 4 with level 29821.
INFO - [115.948]: FuelBarge 7 refueled!
INFO - [115.948]: Ship 306 with fuel 150000:110141 bunkering from barge 7 with level 100000.
INFO - [116.031]: Ship 489 completed unloading.
INFO - [116.054]: FuelBarge 6 refueled!
INFO - [116.054]: Ship 305 with fuel 70000:48609 bunkering from barge 6 with level 100000.
INFO - [116.173]: FuelBarge 3 refueled!
INFO - [116.173]: Ship 307 with fuel 70000:36681 bunkering from barge 3 with level 100000.
INFO - [116.430]: Ship 319 starts unloading.
INFO - [116.507]: FuelBarge 2 refueled!
INFO - [116.507]: Ship 312 with fuel 110000:103567 bunkering from barge 2 with level 100000.
INFO - [116.649]: Ship 519 starts unloading.
INFO - [116.688]: Ship 306 completed unloading.
INFO - [116.715]: Ship 305 completed unloading.
INFO - [116.760]: FuelBarge 4 refueled!
INFO - [116.760]: Ship 314 with fuel 100000:79303 bunkering from barge 4 with level 100000.
INFO - [116.762]: Ship 320 starts unloading.
INFO - [116.801]: Ship 304 completed unloading.
INFO - [116.815]: Ship 303 supplied.
INFO - [116.815]: Ship 315 with fuel 60000:27978 bunkering from barge 5 with level 66378.
INFO - [117.314]: Ship 521 starts unloading.
INFO - [117.437]: Ship 307 completed unloading.
INFO - [117.551]: Ship 321 starts unloading.
INFO - [117.568]: Ship 312 completed unloading.
INFO - [117.595]: Ship 305 supplied.
INFO - [117.595]: Ship 511 with fuel 70000:43999 bunkering from barge 6 with level 78609.
INFO - [117.666]: Ship 314 completed unloading.
INFO - [117.754]: Ship 308 completed unloading.
INFO - [117.800]: Ship 322 starts unloading.
INFO - [117.829]: Ship 308 supplied.
INFO - [117.829]: Ship 317 with fuel 60000:47425 bunkering from barge 1 with level 50714.
INFO - [117.900]: Ship 323 starts unloading.
INFO - [117.962]: Ship 306 supplied.
INFO - [117.962]: Ship 319 with fuel 80000:44856 bunkering from barge 7 with level 60141.
INFO - [118.072]: Ship 310 supplied.
INFO - [118.072]: Ship 519 with fuel 150000:102064 bunkering from barge 0 with level 71416.
INFO - [118.143]: Ship 511 completed unloading.
INFO - [118.166]: Ship 310 completed unloading.
INFO - [118.312]: Ship 527 starts unloading.
INFO - [118.339]: Ship 312 supplied.
INFO - [118.339]: Ship 320 with fuel 60000:30256 bunkering from barge 2 with level 93567.
INFO - [118.402]: Ship 307 supplied.
INFO - [118.402]: Ship 521 with fuel 100000:50354 bunkering from barge 3 with level 66681.
INFO - [118.433]: Ship 529 starts unloading.
INFO - [118.657]: Ship 315 supplied.
INFO - [118.657]: Ship 321 with fuel 80000:55173 bunkering from barge 5 with level 34356.
INFO - [118.701]: Ship 315 completed unloading.
INFO - [118.706]: Ship 314 supplied.
INFO - [118.706]: Ship 322 with fuel 90000:45724 bunkering from barge 4 with level 79303.
INFO - [118.964]: Ship 531 starts unloading.
INFO - [119.019]: Ship 317 completed unloading.
INFO - [119.672]: Ship 317 supplied.
INFO - [119.672]: Ship 323 with fuel 130000:52027 bunkering from barge 1 with level 38139.
INFO - [119.674]: Ship 511 supplied.
INFO - [119.674]: Ship 527 with fuel 70000:41737 bunkering from barge 6 with level 52608.
INFO - [119.692]: Ship 319 supplied.
INFO - [119.692]: Ship 529 with fuel 120000:58775 bunkering from barge 7 with level 24997.
INFO - [119.853]: Ship 519 completed unloading.
INFO - [119.922]: Ship 519 supplied.
INFO - [119.922]: Ship 531 with fuel 130000:91113 bunkering from barge 0 with level 23480.
INFO - [119.994]: Ship 320 supplied.
